 
****************************************
Report : reference
Design : systolic_array_32x32
Version: W-2024.09
Date   : Thu Jul  9 15:10:08 2026
****************************************

Attributes:
    b - black box (unknown)
   bo - allows boundary optimization
    d - dont_touch
   mo - map_only
    h - hierarchical
    n - noncombinational
    r - removable
    s - synthetic operator
    u - contains unmapped logic

Reference          Library       Unit Area   Count    Total Area   Attributes
-----------------------------------------------------------------------------
AND2X1_RVT         saed32rvt_ss0p7vn40c
                                  2.033152      60    121.989126  
AND3X1_RVT         saed32rvt_ss0p7vn40c
                                  2.287296       8     18.298368  
AO22X1_RVT         saed32rvt_ss0p7vn40c
                                  2.541440    8224  20900.802643  
AO221X1_RVT        saed32rvt_ss0p7vn40c
                                  3.049728    8192  24983.371094  
IBUFFX8_RVT        saed32rvt_ss0p7vn40c
                                  4.320448     273   1179.482283  
INVX0_RVT          saed32rvt_ss0p7vn40c
                                  1.270720     457    580.719042  
INVX1_RVT          saed32rvt_ss0p7vn40c
                                  1.270720    1802   2289.837449  
INVX2_RVT          saed32rvt_ss0p7vn40c
                                  1.524864    3237   4935.984633  
INVX4_RVT          saed32rvt_ss0p7vn40c
                                  2.033152     550   1118.233657  
NAND4X0_RVT        saed32rvt_ss0p7vn40c
                                  2.033152     128    260.243469  
NOR4X0_RVT         saed32rvt_ss0p7vn40c
                                  3.049728    2048   6245.842773  
OA22X1_RVT         saed32rvt_ss0p7vn40c
                                  2.541440     512   1301.217285  
OA221X1_RVT        saed32rvt_ss0p7vn40c
                                  3.049728     512   1561.460693  
OR2X1_RVT          saed32rvt_ss0p7vn40c
                                  2.033152      64    130.121735  
SDFFARX1_RVT       saed32rvt_ss0p7vn40c
                                  9.149184    8224  75242.891083  n
pe_DW8_ACCW32_0_test_1         1971.649169       1   1971.649169  h, n
pe_DW8_ACCW32_1_test_1         2051.450387       1   2051.450387  h, n
pe_DW8_ACCW32_2_test_1         2074.069203       1   2074.069203  h, n
pe_DW8_ACCW32_3_test_1         2042.301202       1   2042.301202  h, n
pe_DW8_ACCW32_4_test_1         2059.582996       1   2059.582996  h, n
pe_DW8_ACCW32_5_test_1         2059.837140       1   2059.837140  h, n
pe_DW8_ACCW32_6_test_1         2063.649299       1   2063.649299  h, n
pe_DW8_ACCW32_7_test_1         2051.958674       1   2051.958674  h, n
pe_DW8_ACCW32_8_test_1         2053.229396       1   2053.229396  h, n
pe_DW8_ACCW32_9_test_1         2048.908947       1   2048.908947  h, n
pe_DW8_ACCW32_10_test_1        2064.411732       1   2064.411732  h, n
pe_DW8_ACCW32_11_test_1        2056.279122       1   2056.279122  h, n
pe_DW8_ACCW32_12_test_1        2051.196244       1   2051.196244  h, n
pe_DW8_ACCW32_13_test_1        2051.450387       1   2051.450387  h, n
pe_DW8_ACCW32_14_test_1        2064.157588       1   2064.157588  h, n
pe_DW8_ACCW32_15_test_1        2052.466962       1   2052.466962  h, n
pe_DW8_ACCW32_16_test_1        2055.262547       1   2055.262547  h, n
pe_DW8_ACCW32_17_test_1        2042.555348       1   2042.555348  h, n
pe_DW8_ACCW32_18_test_1        2053.991827       1   2053.991827  h, n
pe_DW8_ACCW32_19_test_1        2046.875796       1   2046.875796  h, n
pe_DW8_ACCW32_20_test_1        2058.820563       1   2058.820563  h, n
pe_DW8_ACCW32_21_test_1        2036.710035       1   2036.710035  h, n
pe_DW8_ACCW32_22_test_1        2071.273619       1   2071.273619  h, n
pe_DW8_ACCW32_23_test_1        2053.229394       1   2053.229394  h, n
pe_DW8_ACCW32_24_test_1        2053.229396       1   2053.229396  h, n
pe_DW8_ACCW32_25_test_1        2035.439315       1   2035.439315  h, n
pe_DW8_ACCW32_26_test_1        2049.671378       1   2049.671378  h, n
pe_DW8_ACCW32_27_test_1        2050.433811       1   2050.433811  h, n
pe_DW8_ACCW32_28_test_1        2037.726611       1   2037.726611  h, n
pe_DW8_ACCW32_29_test_1        2051.958675       1   2051.958675  h, n
pe_DW8_ACCW32_30_test_1        2060.853714       1   2060.853714  h, n
pe_DW8_ACCW32_31_test_1        2051.704531       1   2051.704531  h, n
pe_DW8_ACCW32_32_test_1        1974.190609       1   1974.190609  h, n
pe_DW8_ACCW32_33_test_1        2050.942099       1   2050.942099  h, n
pe_DW8_ACCW32_34_test_1        2061.362003       1   2061.362003  h, n
pe_DW8_ACCW32_35_test_1        2050.433810       1   2050.433810  h, n
pe_DW8_ACCW32_36_test_1        2039.251475       1   2039.251475  h, n
pe_DW8_ACCW32_37_test_1        2052.721107       1   2052.721107  h, n
pe_DW8_ACCW32_38_test_1        2073.306771       1   2073.306771  h, n
pe_DW8_ACCW32_39_test_1        2055.770835       1   2055.770835  h, n
pe_DW8_ACCW32_40_test_1        2057.295699       1   2057.295699  h, n
pe_DW8_ACCW32_41_test_1        2046.113363       1   2046.113363  h, n
pe_DW8_ACCW32_42_test_1        2057.803986       1   2057.803986  h, n
pe_DW8_ACCW32_43_test_1        2051.450386       1   2051.450386  h, n
pe_DW8_ACCW32_44_test_1        2049.163092       1   2049.163092  h, n
pe_DW8_ACCW32_45_test_1        2048.654803       1   2048.654803  h, n
pe_DW8_ACCW32_46_test_1        2065.174163       1   2065.174163  h, n
pe_DW8_ACCW32_47_test_1        2056.279123       1   2056.279123  h, n
pe_DW8_ACCW32_48_test_1        2049.417235       1   2049.417235  h, n
pe_DW8_ACCW32_49_test_1        2053.737684       1   2053.737684  h, n
pe_DW8_ACCW32_50_test_1        2051.196244       1   2051.196244  h, n
pe_DW8_ACCW32_51_test_1        2058.566418       1   2058.566418  h, n
pe_DW8_ACCW32_52_test_1        2050.179667       1   2050.179667  h, n
pe_DW8_ACCW32_53_test_1        2054.500116       1   2054.500116  h, n
pe_DW8_ACCW32_54_test_1        2073.052627       1   2073.052627  h, n
pe_DW8_ACCW32_55_test_1        2065.428307       1   2065.428307  h, n
pe_DW8_ACCW32_56_test_1        2060.853715       1   2060.853715  h, n
pe_DW8_ACCW32_57_test_1        2053.483540       1   2053.483540  h, n
pe_DW8_ACCW32_58_test_1        2067.207314       1   2067.207314  h, n
pe_DW8_ACCW32_59_test_1        2051.196242       1   2051.196242  h, n
pe_DW8_ACCW32_60_test_1        2049.671380       1   2049.671380  h, n
pe_DW8_ACCW32_61_test_1        2050.433811       1   2050.433811  h, n
pe_DW8_ACCW32_62_test_1        2061.616147       1   2061.616147  h, n
pe_DW8_ACCW32_63_test_1        2057.295698       1   2057.295698  h, n
pe_DW8_ACCW32_64_test_1        1976.477905       1   1976.477905  h, n
pe_DW8_ACCW32_65_test_1        2043.063634       1   2043.063634  h, n
pe_DW8_ACCW32_66_test_1        2065.936595       1   2065.936595  h, n
pe_DW8_ACCW32_67_test_1        2052.975251       1   2052.975251  h, n
pe_DW8_ACCW32_68_test_1        2055.770835       1   2055.770835  h, n
pe_DW8_ACCW32_69_test_1        2058.058132       1   2058.058132  h, n
pe_DW8_ACCW32_70_test_1        2073.052627       1   2073.052627  h, n
pe_DW8_ACCW32_71_test_1        2055.516690       1   2055.516690  h, n
pe_DW8_ACCW32_72_test_1        2060.853715       1   2060.853715  h, n
pe_DW8_ACCW32_73_test_1        2046.113363       1   2046.113363  h, n
pe_DW8_ACCW32_74_test_1        2058.058132       1   2058.058132  h, n
pe_DW8_ACCW32_75_test_1        2051.450387       1   2051.450387  h, n
pe_DW8_ACCW32_76_test_1        2049.671380       1   2049.671380  h, n
pe_DW8_ACCW32_77_test_1        2052.466963       1   2052.466963  h, n
pe_DW8_ACCW32_78_test_1        2066.444883       1   2066.444883  h, n
pe_DW8_ACCW32_79_test_1        2052.466962       1   2052.466962  h, n
pe_DW8_ACCW32_80_test_1        2055.008402       1   2055.008402  h, n
pe_DW8_ACCW32_81_test_1        2049.163090       1   2049.163090  h, n
pe_DW8_ACCW32_82_test_1        2067.207315       1   2067.207315  h, n
pe_DW8_ACCW32_83_test_1        2050.433811       1   2050.433811  h, n
pe_DW8_ACCW32_84_test_1        2052.721108       1   2052.721108  h, n
pe_DW8_ACCW32_85_test_1        2048.654804       1   2048.654804  h, n
pe_DW8_ACCW32_86_test_1        2073.306771       1   2073.306771  h, n
pe_DW8_ACCW32_87_test_1        2055.262547       1   2055.262547  h, n
pe_DW8_ACCW32_88_test_1        2060.091283       1   2060.091283  h, n
pe_DW8_ACCW32_89_test_1        2042.047060       1   2042.047060  h, n
pe_DW8_ACCW32_90_test_1        2045.096786       1   2045.096786  h, n
pe_DW8_ACCW32_91_test_1        2044.334355       1   2044.334355  h, n
pe_DW8_ACCW32_92_test_1        2049.671380       1   2049.671380  h, n
pe_DW8_ACCW32_93_test_1        2050.179667       1   2050.179667  h, n
pe_DW8_ACCW32_94_test_1        2063.141011       1   2063.141011  h, n
pe_DW8_ACCW32_95_test_1        2053.991828       1   2053.991828  h, n
pe_DW8_ACCW32_96_test_1        1975.969617       1   1975.969617  h, n
pe_DW8_ACCW32_97_test_1        2050.433811       1   2050.433811  h, n
pe_DW8_ACCW32_98_test_1        2057.295699       1   2057.295699  h, n
pe_DW8_ACCW32_99_test_1        2061.107858       1   2061.107858  h, n
pe_DW8_ACCW32_100_test_1       2044.842643       1   2044.842643  h, n
pe_DW8_ACCW32_101_test_1       2046.367507       1   2046.367507  h, n
pe_DW8_ACCW32_102_test_1       2071.273619       1   2071.273619  h, n
pe_DW8_ACCW32_103_test_1       2055.516691       1   2055.516691  h, n
pe_DW8_ACCW32_104_test_1       2054.500116       1   2054.500116  h, n
pe_DW8_ACCW32_105_test_1       2050.179668       1   2050.179668  h, n
pe_DW8_ACCW32_106_test_1       2048.146514       1   2048.146514  h, n
pe_DW8_ACCW32_107_test_1       2057.803986       1   2057.803986  h, n
pe_DW8_ACCW32_108_test_1       2049.671380       1   2049.671380  h, n
pe_DW8_ACCW32_109_test_1       2051.704531       1   2051.704531  h, n
pe_DW8_ACCW32_110_test_1       2067.969747       1   2067.969747  h, n
pe_DW8_ACCW32_111_test_1       2061.362003       1   2061.362003  h, n
pe_DW8_ACCW32_112_test_1       2052.721107       1   2052.721107  h, n
pe_DW8_ACCW32_113_test_1       2047.129939       1   2047.129939  h, n
pe_DW8_ACCW32_114_test_1       2051.196244       1   2051.196244  h, n
pe_DW8_ACCW32_115_test_1       2041.792914       1   2041.792914  h, n
pe_DW8_ACCW32_116_test_1       2047.129939       1   2047.129939  h, n
pe_DW8_ACCW32_117_test_1       2048.400659       1   2048.400659  h, n
pe_DW8_ACCW32_118_test_1       2071.273619       1   2071.273619  h, n
pe_DW8_ACCW32_119_test_1       2053.483539       1   2053.483539  h, n
pe_DW8_ACCW32_120_test_1       2052.212820       1   2052.212820  h, n
pe_DW8_ACCW32_121_test_1       2048.908948       1   2048.908948  h, n
pe_DW8_ACCW32_122_test_1       2065.174163       1   2065.174163  h, n
pe_DW8_ACCW32_123_test_1       2053.229394       1   2053.229394  h, n
pe_DW8_ACCW32_124_test_1       2038.489044       1   2038.489044  h, n
pe_DW8_ACCW32_125_test_1       2050.433811       1   2050.433811  h, n
pe_DW8_ACCW32_126_test_1       2062.124435       1   2062.124435  h, n
pe_DW8_ACCW32_127_test_1       2056.787409       1   2056.787409  h, n
pe_DW8_ACCW32_128_test_1       1967.582865       1   1967.582865  h, n
pe_DW8_ACCW32_129_test_1       2051.704531       1   2051.704531  h, n
pe_DW8_ACCW32_130_test_1       2062.124435       1   2062.124435  h, n
pe_DW8_ACCW32_131_test_1       2051.958675       1   2051.958675  h, n
pe_DW8_ACCW32_132_test_1       2042.809492       1   2042.809492  h, n
pe_DW8_ACCW32_133_test_1       2063.649298       1   2063.649298  h, n
pe_DW8_ACCW32_134_test_1       2070.765331       1   2070.765331  h, n
pe_DW8_ACCW32_135_test_1       2050.942098       1   2050.942098  h, n
pe_DW8_ACCW32_136_test_1       2059.582995       1   2059.582995  h, n
pe_DW8_ACCW32_137_test_1       2048.908948       1   2048.908948  h, n
pe_DW8_ACCW32_138_test_1       2061.362003       1   2061.362003  h, n
pe_DW8_ACCW32_139_test_1       2054.500116       1   2054.500116  h, n
pe_DW8_ACCW32_140_test_1       2040.268052       1   2040.268052  h, n
pe_DW8_ACCW32_141_test_1       2046.621651       1   2046.621651  h, n
pe_DW8_ACCW32_142_test_1       2068.478035       1   2068.478035  h, n
pe_DW8_ACCW32_143_test_1       2052.466962       1   2052.466962  h, n
pe_DW8_ACCW32_144_test_1       2055.516691       1   2055.516691  h, n
pe_DW8_ACCW32_145_test_1       2041.538772       1   2041.538772  h, n
pe_DW8_ACCW32_146_test_1       2064.157588       1   2064.157588  h, n
pe_DW8_ACCW32_147_test_1       2060.345427       1   2060.345427  h, n
pe_DW8_ACCW32_148_test_1       2046.621652       1   2046.621652  h, n
pe_DW8_ACCW32_149_test_1       2059.582996       1   2059.582996  h, n
pe_DW8_ACCW32_150_test_1       2066.953171       1   2066.953171  h, n
pe_DW8_ACCW32_151_test_1       2067.715602       1   2067.715602  h, n
pe_DW8_ACCW32_152_test_1       2060.853715       1   2060.853715  h, n
pe_DW8_ACCW32_153_test_1       2037.726611       1   2037.726611  h, n
pe_DW8_ACCW32_154_test_1       2045.096786       1   2045.096786  h, n
pe_DW8_ACCW32_155_test_1       2052.975251       1   2052.975251  h, n
pe_DW8_ACCW32_156_test_1       2036.710035       1   2036.710035  h, n
pe_DW8_ACCW32_157_test_1       2053.483539       1   2053.483539  h, n
pe_DW8_ACCW32_158_test_1       2068.478035       1   2068.478035  h, n
pe_DW8_ACCW32_159_test_1       2068.732181       1   2068.732181  h, n
pe_DW8_ACCW32_160_test_1       1976.732049       1   1976.732049  h, n
pe_DW8_ACCW32_161_test_1       2054.754260       1   2054.754260  h, n
pe_DW8_ACCW32_162_test_1       2070.257043       1   2070.257043  h, n
pe_DW8_ACCW32_163_test_1       2037.980754       1   2037.980754  h, n
pe_DW8_ACCW32_164_test_1       2042.301203       1   2042.301203  h, n
pe_DW8_ACCW32_165_test_1       2055.262548       1   2055.262548  h, n
pe_DW8_ACCW32_166_test_1       2073.052627       1   2073.052627  h, n
pe_DW8_ACCW32_167_test_1       2058.312275       1   2058.312275  h, n
pe_DW8_ACCW32_168_test_1       2057.803987       1   2057.803987  h, n
pe_DW8_ACCW32_169_test_1       2056.533267       1   2056.533267  h, n
pe_DW8_ACCW32_170_test_1       2063.141010       1   2063.141010  h, n
pe_DW8_ACCW32_171_test_1       2049.925521       1   2049.925521  h, n
pe_DW8_ACCW32_172_test_1       2049.163091       1   2049.163091  h, n
pe_DW8_ACCW32_173_test_1       2044.588499       1   2044.588499  h, n
pe_DW8_ACCW32_174_test_1       2066.444883       1   2066.444883  h, n
pe_DW8_ACCW32_175_test_1       2055.516691       1   2055.516691  h, n
pe_DW8_ACCW32_176_test_1       2050.433810       1   2050.433810  h, n
pe_DW8_ACCW32_177_test_1       2049.671380       1   2049.671380  h, n
pe_DW8_ACCW32_178_test_1       2058.566420       1   2058.566420  h, n
pe_DW8_ACCW32_179_test_1       2053.737683       1   2053.737683  h, n
pe_DW8_ACCW32_180_test_1       2047.638227       1   2047.638227  h, n
pe_DW8_ACCW32_181_test_1       2049.925523       1   2049.925523  h, n
pe_DW8_ACCW32_182_test_1       2073.052627       1   2073.052627  h, n
pe_DW8_ACCW32_183_test_1       2049.925523       1   2049.925523  h, n
pe_DW8_ACCW32_184_test_1       2052.212820       1   2052.212820  h, n
pe_DW8_ACCW32_185_test_1       2045.096787       1   2045.096787  h, n
pe_DW8_ACCW32_186_test_1       2068.986323       1   2068.986323  h, n
pe_DW8_ACCW32_187_test_1       2058.820563       1   2058.820563  h, n
pe_DW8_ACCW32_188_test_1       2045.350931       1   2045.350931  h, n
pe_DW8_ACCW32_189_test_1       2050.179667       1   2050.179667  h, n
pe_DW8_ACCW32_190_test_1       2060.599571       1   2060.599571  h, n
pe_DW8_ACCW32_191_test_1       2055.516689       1   2055.516689  h, n
pe_DW8_ACCW32_192_test_1       1980.290065       1   1980.290065  h, n
pe_DW8_ACCW32_193_test_1       2044.334355       1   2044.334355  h, n
pe_DW8_ACCW32_194_test_1       2051.450387       1   2051.450387  h, n
pe_DW8_ACCW32_195_test_1       2056.533268       1   2056.533268  h, n
pe_DW8_ACCW32_196_test_1       2048.654803       1   2048.654803  h, n
pe_DW8_ACCW32_197_test_1       2052.212819       1   2052.212819  h, n
pe_DW8_ACCW32_198_test_1       2073.306771       1   2073.306771  h, n
pe_DW8_ACCW32_199_test_1       2055.262546       1   2055.262546  h, n
pe_DW8_ACCW32_200_test_1       2061.362002       1   2061.362002  h, n
pe_DW8_ACCW32_201_test_1       2047.384084       1   2047.384084  h, n
pe_DW8_ACCW32_202_test_1       2062.124435       1   2062.124435  h, n
pe_DW8_ACCW32_203_test_1       2057.803987       1   2057.803987  h, n
pe_DW8_ACCW32_204_test_1       2046.113363       1   2046.113363  h, n
pe_DW8_ACCW32_205_test_1       2046.621651       1   2046.621651  h, n
pe_DW8_ACCW32_206_test_1       2066.444883       1   2066.444883  h, n
pe_DW8_ACCW32_207_test_1       2052.212818       1   2052.212818  h, n
pe_DW8_ACCW32_208_test_1       2049.163090       1   2049.163090  h, n
pe_DW8_ACCW32_209_test_1       2052.212818       1   2052.212818  h, n
pe_DW8_ACCW32_210_test_1       2056.279123       1   2056.279123  h, n
pe_DW8_ACCW32_211_test_1       2050.433810       1   2050.433810  h, n
pe_DW8_ACCW32_212_test_1       2038.997331       1   2038.997331  h, n
pe_DW8_ACCW32_213_test_1       2048.400660       1   2048.400660  h, n
pe_DW8_ACCW32_214_test_1       2073.306771       1   2073.306771  h, n
pe_DW8_ACCW32_215_test_1       2065.174163       1   2065.174163  h, n
pe_DW8_ACCW32_216_test_1       2059.837139       1   2059.837139  h, n
pe_DW8_ACCW32_217_test_1       2056.787411       1   2056.787411  h, n
pe_DW8_ACCW32_218_test_1       2048.908946       1   2048.908946  h, n
pe_DW8_ACCW32_219_test_1       2045.096787       1   2045.096787  h, n
pe_DW8_ACCW32_220_test_1       2044.080211       1   2044.080211  h, n
pe_DW8_ACCW32_221_test_1       2048.908947       1   2048.908947  h, n
pe_DW8_ACCW32_222_test_1       2062.124435       1   2062.124435  h, n
pe_DW8_ACCW32_223_test_1       2038.997331       1   2038.997331  h, n
pe_DW8_ACCW32_224_test_1       1980.544209       1   1980.544209  h, n
pe_DW8_ACCW32_225_test_1       2054.500116       1   2054.500116  h, n
pe_DW8_ACCW32_226_test_1       2061.362002       1   2061.362002  h, n
pe_DW8_ACCW32_227_test_1       2050.179667       1   2050.179667  h, n
pe_DW8_ACCW32_228_test_1       2049.925523       1   2049.925523  h, n
pe_DW8_ACCW32_229_test_1       2058.312276       1   2058.312276  h, n
pe_DW8_ACCW32_230_test_1       2071.273619       1   2071.273619  h, n
pe_DW8_ACCW32_231_test_1       2056.279124       1   2056.279124  h, n
pe_DW8_ACCW32_232_test_1       2058.058130       1   2058.058130  h, n
pe_DW8_ACCW32_233_test_1       2035.693460       1   2035.693460  h, n
pe_DW8_ACCW32_234_test_1       2066.953170       1   2066.953170  h, n
pe_DW8_ACCW32_235_test_1       2057.041554       1   2057.041554  h, n
pe_DW8_ACCW32_236_test_1       2037.726611       1   2037.726611  h, n
pe_DW8_ACCW32_237_test_1       2049.671379       1   2049.671379  h, n
pe_DW8_ACCW32_238_test_1       2066.444883       1   2066.444883  h, n
pe_DW8_ACCW32_239_test_1       2060.853715       1   2060.853715  h, n
pe_DW8_ACCW32_240_test_1       2067.461458       1   2067.461458  h, n
pe_DW8_ACCW32_241_test_1       2045.096788       1   2045.096788  h, n
pe_DW8_ACCW32_242_test_1       2051.450388       1   2051.450388  h, n
pe_DW8_ACCW32_243_test_1       2048.400658       1   2048.400658  h, n
pe_DW8_ACCW32_244_test_1       2047.384083       1   2047.384083  h, n
pe_DW8_ACCW32_245_test_1       2045.096787       1   2045.096787  h, n
pe_DW8_ACCW32_246_test_1       2071.019475       1   2071.019475  h, n
pe_DW8_ACCW32_247_test_1       2053.991827       1   2053.991827  h, n
pe_DW8_ACCW32_248_test_1       2061.107859       1   2061.107859  h, n
pe_DW8_ACCW32_249_test_1       2052.466964       1   2052.466964  h, n
pe_DW8_ACCW32_250_test_1       2059.837140       1   2059.837140  h, n
pe_DW8_ACCW32_251_test_1       2052.721106       1   2052.721106  h, n
pe_DW8_ACCW32_252_test_1       2046.621651       1   2046.621651  h, n
pe_DW8_ACCW32_253_test_1       2050.179667       1   2050.179667  h, n
pe_DW8_ACCW32_254_test_1       2065.936595       1   2065.936595  h, n
pe_DW8_ACCW32_255_test_1       2052.975250       1   2052.975250  h, n
pe_DW8_ACCW32_256_test_1       1974.698896       1   1974.698896  h, n
pe_DW8_ACCW32_257_test_1       2042.555346       1   2042.555346  h, n
pe_DW8_ACCW32_258_test_1       2063.649300       1   2063.649300  h, n
pe_DW8_ACCW32_259_test_1       2053.737684       1   2053.737684  h, n
pe_DW8_ACCW32_260_test_1       2057.041556       1   2057.041556  h, n
pe_DW8_ACCW32_261_test_1       2053.991827       1   2053.991827  h, n
pe_DW8_ACCW32_262_test_1       2069.240467       1   2069.240467  h, n
pe_DW8_ACCW32_263_test_1       2049.417234       1   2049.417234  h, n
pe_DW8_ACCW32_264_test_1       2056.024979       1   2056.024979  h, n
pe_DW8_ACCW32_265_test_1       2045.096788       1   2045.096788  h, n
pe_DW8_ACCW32_266_test_1       2070.511187       1   2070.511187  h, n
pe_DW8_ACCW32_267_test_1       2050.179666       1   2050.179666  h, n
pe_DW8_ACCW32_268_test_1       2046.875795       1   2046.875795  h, n
pe_DW8_ACCW32_269_test_1       2061.107860       1   2061.107860  h, n
pe_DW8_ACCW32_270_test_1       2068.478035       1   2068.478035  h, n
pe_DW8_ACCW32_271_test_1       2051.958674       1   2051.958674  h, n
pe_DW8_ACCW32_272_test_1       2058.820563       1   2058.820563  h, n
pe_DW8_ACCW32_273_test_1       2043.063635       1   2043.063635  h, n
pe_DW8_ACCW32_274_test_1       2056.533267       1   2056.533267  h, n
pe_DW8_ACCW32_275_test_1       2046.367507       1   2046.367507  h, n
pe_DW8_ACCW32_276_test_1       2052.466963       1   2052.466963  h, n
pe_DW8_ACCW32_277_test_1       2037.218323       1   2037.218323  h, n
pe_DW8_ACCW32_278_test_1       2070.765331       1   2070.765331  h, n
pe_DW8_ACCW32_279_test_1       2050.433810       1   2050.433810  h, n
pe_DW8_ACCW32_280_test_1       2056.024979       1   2056.024979  h, n
pe_DW8_ACCW32_281_test_1       2033.914451       1   2033.914451  h, n
pe_DW8_ACCW32_282_test_1       2061.107859       1   2061.107859  h, n
pe_DW8_ACCW32_283_test_1       2050.687955       1   2050.687955  h, n
pe_DW8_ACCW32_284_test_1       2041.792915       1   2041.792915  h, n
pe_DW8_ACCW32_285_test_1       2051.958675       1   2051.958675  h, n
pe_DW8_ACCW32_286_test_1       2068.478035       1   2068.478035  h, n
pe_DW8_ACCW32_287_test_1       2064.920020       1   2064.920020  h, n
pe_DW8_ACCW32_288_test_1       1972.919888       1   1972.919888  h, n
pe_DW8_ACCW32_289_test_1       2048.654804       1   2048.654804  h, n
pe_DW8_ACCW32_290_test_1       2055.008403       1   2055.008403  h, n
pe_DW8_ACCW32_291_test_1       2048.654802       1   2048.654802  h, n
pe_DW8_ACCW32_292_test_1       2045.859219       1   2045.859219  h, n
pe_DW8_ACCW32_293_test_1       2059.074708       1   2059.074708  h, n
pe_DW8_ACCW32_294_test_1       2073.306771       1   2073.306771  h, n
pe_DW8_ACCW32_295_test_1       2056.533267       1   2056.533267  h, n
pe_DW8_ACCW32_296_test_1       2059.582995       1   2059.582995  h, n
pe_DW8_ACCW32_297_test_1       2049.925522       1   2049.925522  h, n
pe_DW8_ACCW32_298_test_1       2051.196242       1   2051.196242  h, n
pe_DW8_ACCW32_299_test_1       2055.770834       1   2055.770834  h, n
pe_DW8_ACCW32_300_test_1       2043.826067       1   2043.826067  h, n
pe_DW8_ACCW32_301_test_1       2056.787410       1   2056.787410  h, n
pe_DW8_ACCW32_302_test_1       2064.411731       1   2064.411731  h, n
pe_DW8_ACCW32_303_test_1       2055.008403       1   2055.008403  h, n
pe_DW8_ACCW32_304_test_1       2063.141011       1   2063.141011  h, n
pe_DW8_ACCW32_305_test_1       2048.146516       1   2048.146516  h, n
pe_DW8_ACCW32_306_test_1       2047.129940       1   2047.129940  h, n
pe_DW8_ACCW32_307_test_1       2051.450386       1   2051.450386  h, n
pe_DW8_ACCW32_308_test_1       2047.129939       1   2047.129939  h, n
pe_DW8_ACCW32_309_test_1       2049.417235       1   2049.417235  h, n
pe_DW8_ACCW32_310_test_1       2073.306771       1   2073.306771  h, n
pe_DW8_ACCW32_311_test_1       2053.229394       1   2053.229394  h, n
pe_DW8_ACCW32_312_test_1       2057.803986       1   2057.803986  h, n
pe_DW8_ACCW32_313_test_1       2043.571924       1   2043.571924  h, n
pe_DW8_ACCW32_314_test_1       2068.986323       1   2068.986323  h, n
pe_DW8_ACCW32_315_test_1       2054.754257       1   2054.754257  h, n
pe_DW8_ACCW32_316_test_1       2044.842642       1   2044.842642  h, n
pe_DW8_ACCW32_317_test_1       2047.638227       1   2047.638227  h, n
pe_DW8_ACCW32_318_test_1       2062.124435       1   2062.124435  h, n
pe_DW8_ACCW32_319_test_1       2059.328849       1   2059.328849  h, n
pe_DW8_ACCW32_320_test_1       1979.273489       1   1979.273489  h, n
pe_DW8_ACCW32_321_test_1       2043.317778       1   2043.317778  h, n
pe_DW8_ACCW32_322_test_1       2068.732180       1   2068.732180  h, n
pe_DW8_ACCW32_323_test_1       2056.787411       1   2056.787411  h, n
pe_DW8_ACCW32_324_test_1       2045.605075       1   2045.605075  h, n
pe_DW8_ACCW32_325_test_1       2058.820563       1   2058.820563  h, n
pe_DW8_ACCW32_326_test_1       2073.306771       1   2073.306771  h, n
pe_DW8_ACCW32_327_test_1       2054.500114       1   2054.500114  h, n
pe_DW8_ACCW32_328_test_1       2053.483538       1   2053.483538  h, n
pe_DW8_ACCW32_329_test_1       2043.826067       1   2043.826067  h, n
pe_DW8_ACCW32_330_test_1       2066.444883       1   2066.444883  h, n
pe_DW8_ACCW32_331_test_1       2052.975250       1   2052.975250  h, n
pe_DW8_ACCW32_332_test_1       2041.284627       1   2041.284627  h, n
pe_DW8_ACCW32_333_test_1       2045.096786       1   2045.096786  h, n
pe_DW8_ACCW32_334_test_1       2066.444883       1   2066.444883  h, n
pe_DW8_ACCW32_335_test_1       2051.958674       1   2051.958674  h, n
pe_DW8_ACCW32_336_test_1       2060.599570       1   2060.599570  h, n
pe_DW8_ACCW32_337_test_1       2053.991828       1   2053.991828  h, n
pe_DW8_ACCW32_338_test_1       2052.212819       1   2052.212819  h, n
pe_DW8_ACCW32_339_test_1       2056.279123       1   2056.279123  h, n
pe_DW8_ACCW32_340_test_1       2049.671380       1   2049.671380  h, n
pe_DW8_ACCW32_341_test_1       2047.129939       1   2047.129939  h, n
pe_DW8_ACCW32_342_test_1       2073.052627       1   2073.052627  h, n
pe_DW8_ACCW32_343_test_1       2050.433810       1   2050.433810  h, n
pe_DW8_ACCW32_344_test_1       2060.853715       1   2060.853715  h, n
pe_DW8_ACCW32_345_test_1       2034.676883       1   2034.676883  h, n
pe_DW8_ACCW32_346_test_1       2053.991826       1   2053.991826  h, n
pe_DW8_ACCW32_347_test_1       2054.754259       1   2054.754259  h, n
pe_DW8_ACCW32_348_test_1       2044.588498       1   2044.588498  h, n
pe_DW8_ACCW32_349_test_1       2047.384083       1   2047.384083  h, n
pe_DW8_ACCW32_350_test_1       2067.461459       1   2067.461459  h, n
pe_DW8_ACCW32_351_test_1       2038.743187       1   2038.743187  h, n
pe_DW8_ACCW32_352_test_1       1975.715473       1   1975.715473  h, n
pe_DW8_ACCW32_353_test_1       2049.925523       1   2049.925523  h, n
pe_DW8_ACCW32_354_test_1       2055.770834       1   2055.770834  h, n
pe_DW8_ACCW32_355_test_1       2049.417234       1   2049.417234  h, n
pe_DW8_ACCW32_356_test_1       2048.654803       1   2048.654803  h, n
pe_DW8_ACCW32_357_test_1       2060.853716       1   2060.853716  h, n
pe_DW8_ACCW32_358_test_1       2071.273619       1   2071.273619  h, n
pe_DW8_ACCW32_359_test_1       2056.279123       1   2056.279123  h, n
pe_DW8_ACCW32_360_test_1       2057.803986       1   2057.803986  h, n
pe_DW8_ACCW32_361_test_1       2055.008403       1   2055.008403  h, n
pe_DW8_ACCW32_362_test_1       2061.616147       1   2061.616147  h, n
pe_DW8_ACCW32_363_test_1       2050.179666       1   2050.179666  h, n
pe_DW8_ACCW32_364_test_1       2045.350930       1   2045.350930  h, n
pe_DW8_ACCW32_365_test_1       2066.190739       1   2066.190739  h, n
pe_DW8_ACCW32_366_test_1       2064.411731       1   2064.411731  h, n
pe_DW8_ACCW32_367_test_1       2059.837139       1   2059.837139  h, n
pe_DW8_ACCW32_368_test_1       2059.074707       1   2059.074707  h, n
pe_DW8_ACCW32_369_test_1       2045.096788       1   2045.096788  h, n
pe_DW8_ACCW32_370_test_1       2058.312276       1   2058.312276  h, n
pe_DW8_ACCW32_371_test_1       2054.754258       1   2054.754258  h, n
pe_DW8_ACCW32_372_test_1       2047.129939       1   2047.129939  h, n
pe_DW8_ACCW32_373_test_1       2053.991828       1   2053.991828  h, n
pe_DW8_ACCW32_374_test_1       2071.273619       1   2071.273619  h, n
pe_DW8_ACCW32_375_test_1       2049.163091       1   2049.163091  h, n
pe_DW8_ACCW32_376_test_1       2059.328850       1   2059.328850  h, n
pe_DW8_ACCW32_377_test_1       2055.516692       1   2055.516692  h, n
pe_DW8_ACCW32_378_test_1       2068.986323       1   2068.986323  h, n
pe_DW8_ACCW32_379_test_1       2049.925522       1   2049.925522  h, n
pe_DW8_ACCW32_380_test_1       2043.826067       1   2043.826067  h, n
pe_DW8_ACCW32_381_test_1       2048.400659       1   2048.400659  h, n
pe_DW8_ACCW32_382_test_1       2062.124435       1   2062.124435  h, n
pe_DW8_ACCW32_383_test_1       2063.903441       1   2063.903441  h, n
pe_DW8_ACCW32_384_test_1       1970.378448       1   1970.378448  h, n
pe_DW8_ACCW32_385_test_1       2049.417235       1   2049.417235  h, n
pe_DW8_ACCW32_386_test_1       2079.914515       1   2079.914515  h, n
pe_DW8_ACCW32_387_test_1       2052.466963       1   2052.466963  h, n
pe_DW8_ACCW32_388_test_1       2038.489043       1   2038.489043  h, n
pe_DW8_ACCW32_389_test_1       2046.621651       1   2046.621651  h, n
pe_DW8_ACCW32_390_test_1       2071.273619       1   2071.273619  h, n
pe_DW8_ACCW32_391_test_1       2050.433810       1   2050.433810  h, n
pe_DW8_ACCW32_392_test_1       2056.533266       1   2056.533266  h, n
pe_DW8_ACCW32_393_test_1       2047.384084       1   2047.384084  h, n
pe_DW8_ACCW32_394_test_1       2065.174163       1   2065.174163  h, n
pe_DW8_ACCW32_395_test_1       2050.433810       1   2050.433810  h, n
pe_DW8_ACCW32_396_test_1       2045.350930       1   2045.350930  h, n
pe_DW8_ACCW32_397_test_1       2051.958675       1   2051.958675  h, n
pe_DW8_ACCW32_398_test_1       2068.478035       1   2068.478035  h, n
pe_DW8_ACCW32_399_test_1       2051.958674       1   2051.958674  h, n
pe_DW8_ACCW32_400_test_1       2062.886867       1   2062.886867  h, n
pe_DW8_ACCW32_401_test_1       2045.605076       1   2045.605076  h, n
pe_DW8_ACCW32_402_test_1       2061.107859       1   2061.107859  h, n
pe_DW8_ACCW32_403_test_1       2056.787410       1   2056.787410  h, n
pe_DW8_ACCW32_404_test_1       2046.621651       1   2046.621651  h, n
pe_DW8_ACCW32_405_test_1       2058.058131       1   2058.058131  h, n
pe_DW8_ACCW32_406_test_1       2066.953171       1   2066.953171  h, n
pe_DW8_ACCW32_407_test_1       2056.024978       1   2056.024978  h, n
pe_DW8_ACCW32_408_test_1       2060.853715       1   2060.853715  h, n
pe_DW8_ACCW32_409_test_1       2037.472466       1   2037.472466  h, n
pe_DW8_ACCW32_410_test_1       2049.163090       1   2049.163090  h, n
pe_DW8_ACCW32_411_test_1       2049.417235       1   2049.417235  h, n
pe_DW8_ACCW32_412_test_1       2043.317778       1   2043.317778  h, n
pe_DW8_ACCW32_413_test_1       2050.687955       1   2050.687955  h, n
pe_DW8_ACCW32_414_test_1       2068.478035       1   2068.478035  h, n
pe_DW8_ACCW32_415_test_1       2064.157588       1   2064.157588  h, n
pe_DW8_ACCW32_416_test_1       1980.798352       1   1980.798352  h, n
pe_DW8_ACCW32_417_test_1       2042.555347       1   2042.555347  h, n
pe_DW8_ACCW32_418_test_1       2066.190739       1   2066.190739  h, n
pe_DW8_ACCW32_419_test_1       2050.433810       1   2050.433810  h, n
pe_DW8_ACCW32_420_test_1       2045.859218       1   2045.859218  h, n
pe_DW8_ACCW32_421_test_1       2049.925523       1   2049.925523  h, n
pe_DW8_ACCW32_422_test_1       2073.052627       1   2073.052627  h, n
pe_DW8_ACCW32_423_test_1       2056.787411       1   2056.787411  h, n
pe_DW8_ACCW32_424_test_1       2059.328850       1   2059.328850  h, n
pe_DW8_ACCW32_425_test_1       2055.008403       1   2055.008403  h, n
pe_DW8_ACCW32_426_test_1       2049.671378       1   2049.671378  h, n
pe_DW8_ACCW32_427_test_1       2055.262546       1   2055.262546  h, n
pe_DW8_ACCW32_428_test_1       2050.687955       1   2050.687955  h, n
pe_DW8_ACCW32_429_test_1       2046.367507       1   2046.367507  h, n
pe_DW8_ACCW32_430_test_1       2066.444883       1   2066.444883  h, n
pe_DW8_ACCW32_431_test_1       2054.754259       1   2054.754259  h, n
pe_DW8_ACCW32_432_test_1       2058.566419       1   2058.566419  h, n
pe_DW8_ACCW32_433_test_1       2050.687955       1   2050.687955  h, n
pe_DW8_ACCW32_434_test_1       2058.566419       1   2058.566419  h, n
pe_DW8_ACCW32_435_test_1       2050.433810       1   2050.433810  h, n
pe_DW8_ACCW32_436_test_1       2047.129939       1   2047.129939  h, n
pe_DW8_ACCW32_437_test_1       2046.875795       1   2046.875795  h, n
pe_DW8_ACCW32_438_test_1       2073.306771       1   2073.306771  h, n
pe_DW8_ACCW32_439_test_1       2052.975251       1   2052.975251  h, n
pe_DW8_ACCW32_440_test_1       2057.803986       1   2057.803986  h, n
pe_DW8_ACCW32_441_test_1       2045.605075       1   2045.605075  h, n
pe_DW8_ACCW32_442_test_1       2068.986323       1   2068.986323  h, n
pe_DW8_ACCW32_443_test_1       2056.279122       1   2056.279122  h, n
pe_DW8_ACCW32_444_test_1       2044.334354       1   2044.334354  h, n
pe_DW8_ACCW32_445_test_1       2048.908947       1   2048.908947  h, n
pe_DW8_ACCW32_446_test_1       2060.599571       1   2060.599571  h, n
pe_DW8_ACCW32_447_test_1       2060.599569       1   2060.599569  h, n
pe_DW8_ACCW32_448_test_1       1974.190609       1   1974.190609  h, n
pe_DW8_ACCW32_449_test_1       2046.875795       1   2046.875795  h, n
pe_DW8_ACCW32_450_test_1       2052.466963       1   2052.466963  h, n
pe_DW8_ACCW32_451_test_1       2051.958675       1   2051.958675  h, n
pe_DW8_ACCW32_452_test_1       2051.704531       1   2051.704531  h, n
pe_DW8_ACCW32_453_test_1       2063.141012       1   2063.141012  h, n
pe_DW8_ACCW32_454_test_1       2073.306771       1   2073.306771  h, n
pe_DW8_ACCW32_455_test_1       2056.279122       1   2056.279122  h, n
pe_DW8_ACCW32_456_test_1       2060.599571       1   2060.599571  h, n
pe_DW8_ACCW32_457_test_1       2040.776340       1   2040.776340  h, n
pe_DW8_ACCW32_458_test_1       2064.920019       1   2064.920019  h, n
pe_DW8_ACCW32_459_test_1       2055.008403       1   2055.008403  h, n
pe_DW8_ACCW32_460_test_1       2043.571922       1   2043.571922  h, n
pe_DW8_ACCW32_461_test_1       2046.113363       1   2046.113363  h, n
pe_DW8_ACCW32_462_test_1       2065.936595       1   2065.936595  h, n
pe_DW8_ACCW32_463_test_1       2050.942098       1   2050.942098  h, n
pe_DW8_ACCW32_464_test_1       2054.245970       1   2054.245970  h, n
pe_DW8_ACCW32_465_test_1       2050.687955       1   2050.687955  h, n
pe_DW8_ACCW32_466_test_1       2047.384082       1   2047.384082  h, n
pe_DW8_ACCW32_467_test_1       2047.129939       1   2047.129939  h, n
pe_DW8_ACCW32_468_test_1       2040.522195       1   2040.522195  h, n
pe_DW8_ACCW32_469_test_1       2047.129940       1   2047.129940  h, n
pe_DW8_ACCW32_470_test_1       2073.306771       1   2073.306771  h, n
pe_DW8_ACCW32_471_test_1       2064.920018       1   2064.920018  h, n
pe_DW8_ACCW32_472_test_1       2059.582995       1   2059.582995  h, n
pe_DW8_ACCW32_473_test_1       2053.737683       1   2053.737683  h, n
pe_DW8_ACCW32_474_test_1       2046.875795       1   2046.875795  h, n
pe_DW8_ACCW32_475_test_1       2056.279123       1   2056.279123  h, n
pe_DW8_ACCW32_476_test_1       2041.538770       1   2041.538770  h, n
pe_DW8_ACCW32_477_test_1       2047.384083       1   2047.384083  h, n
pe_DW8_ACCW32_478_test_1       2062.124435       1   2062.124435  h, n
pe_DW8_ACCW32_479_test_1       2037.980755       1   2037.980755  h, n
pe_DW8_ACCW32_480_test_1       1970.378448       1   1970.378448  h, n
pe_DW8_ACCW32_481_test_1       2046.875796       1   2046.875796  h, n
pe_DW8_ACCW32_482_test_1       2076.864786       1   2076.864786  h, n
pe_DW8_ACCW32_483_test_1       2041.792914       1   2041.792914  h, n
pe_DW8_ACCW32_484_test_1       2050.179667       1   2050.179667  h, n
pe_DW8_ACCW32_485_test_1       2058.058132       1   2058.058132  h, n
pe_DW8_ACCW32_486_test_1       2071.273619       1   2071.273619  h, n
pe_DW8_ACCW32_487_test_1       2056.024979       1   2056.024979  h, n
pe_DW8_ACCW32_488_test_1       2056.533266       1   2056.533266  h, n
pe_DW8_ACCW32_489_test_1       2041.792916       1   2041.792916  h, n
pe_DW8_ACCW32_490_test_1       2057.549842       1   2057.549842  h, n
pe_DW8_ACCW32_491_test_1       2053.737682       1   2053.737682  h, n
pe_DW8_ACCW32_492_test_1       2042.555346       1   2042.555346  h, n
pe_DW8_ACCW32_493_test_1       2048.400658       1   2048.400658  h, n
pe_DW8_ACCW32_494_test_1       2066.444883       1   2066.444883  h, n
pe_DW8_ACCW32_495_test_1       2051.704531       1   2051.704531  h, n
pe_DW8_ACCW32_496_test_1       2064.665875       1   2064.665875  h, n
pe_DW8_ACCW32_497_test_1       2039.251475       1   2039.251475  h, n
pe_DW8_ACCW32_498_test_1       2047.129940       1   2047.129940  h, n
pe_DW8_ACCW32_499_test_1       2045.859217       1   2045.859217  h, n
pe_DW8_ACCW32_500_test_1       2047.129939       1   2047.129939  h, n
pe_DW8_ACCW32_501_test_1       2044.842643       1   2044.842643  h, n
pe_DW8_ACCW32_502_test_1       2071.273619       1   2071.273619  h, n
pe_DW8_ACCW32_503_test_1       2052.721107       1   2052.721107  h, n
pe_DW8_ACCW32_504_test_1       2059.582995       1   2059.582995  h, n
pe_DW8_ACCW32_505_test_1       2046.621652       1   2046.621652  h, n
pe_DW8_ACCW32_506_test_1       2071.273619       1   2071.273619  h, n
pe_DW8_ACCW32_507_test_1       2050.433810       1   2050.433810  h, n
pe_DW8_ACCW32_508_test_1       2043.826067       1   2043.826067  h, n
pe_DW8_ACCW32_509_test_1       2048.908947       1   2048.908947  h, n
pe_DW8_ACCW32_510_test_1       2065.936595       1   2065.936595  h, n
pe_DW8_ACCW32_511_test_1       2058.820561       1   2058.820561  h, n
pe_DW8_ACCW32_512_test_1       1970.124304       1   1970.124304  h, n
pe_DW8_ACCW32_513_test_1       2045.096786       1   2045.096786  h, n
pe_DW8_ACCW32_514_test_1       2065.682452       1   2065.682452  h, n
pe_DW8_ACCW32_515_test_1       2041.030483       1   2041.030483  h, n
pe_DW8_ACCW32_516_test_1       2048.400659       1   2048.400659  h, n
pe_DW8_ACCW32_517_test_1       2057.803988       1   2057.803988  h, n
pe_DW8_ACCW32_518_test_1       2069.240467       1   2069.240467  h, n
pe_DW8_ACCW32_519_test_1       2049.925522       1   2049.925522  h, n
pe_DW8_ACCW32_520_test_1       2059.074707       1   2059.074707  h, n
pe_DW8_ACCW32_521_test_1       2045.859219       1   2045.859219  h, n
pe_DW8_ACCW32_522_test_1       2063.903443       1   2063.903443  h, n
pe_DW8_ACCW32_523_test_1       2044.080211       1   2044.080211  h, n
pe_DW8_ACCW32_524_test_1       2043.571923       1   2043.571923  h, n
pe_DW8_ACCW32_525_test_1       2061.107860       1   2061.107860  h, n
pe_DW8_ACCW32_526_test_1       2068.478035       1   2068.478035  h, n
pe_DW8_ACCW32_527_test_1       2051.958674       1   2051.958674  h, n
pe_DW8_ACCW32_528_test_1       2054.500115       1   2054.500115  h, n
pe_DW8_ACCW32_529_test_1       2046.113363       1   2046.113363  h, n
pe_DW8_ACCW32_530_test_1       2057.803988       1   2057.803988  h, n
pe_DW8_ACCW32_531_test_1       2041.284626       1   2041.284626  h, n
pe_DW8_ACCW32_532_test_1       2046.875796       1   2046.875796  h, n
pe_DW8_ACCW32_533_test_1       2037.218323       1   2037.218323  h, n
pe_DW8_ACCW32_534_test_1       2070.765331       1   2070.765331  h, n
pe_DW8_ACCW32_535_test_1       2050.433810       1   2050.433810  h, n
pe_DW8_ACCW32_536_test_1       2060.599571       1   2060.599571  h, n
pe_DW8_ACCW32_537_test_1       2036.201747       1   2036.201747  h, n
pe_DW8_ACCW32_538_test_1       2056.279122       1   2056.279122  h, n
pe_DW8_ACCW32_539_test_1       2054.245971       1   2054.245971  h, n
pe_DW8_ACCW32_540_test_1       2051.196243       1   2051.196243  h, n
pe_DW8_ACCW32_541_test_1       2051.958675       1   2051.958675  h, n
pe_DW8_ACCW32_542_test_1       2068.478035       1   2068.478035  h, n
pe_DW8_ACCW32_543_test_1       2065.174165       1   2065.174165  h, n
pe_DW8_ACCW32_544_test_1       1984.610512       1   1984.610512  h, n
pe_DW8_ACCW32_545_test_1       2048.400659       1   2048.400659  h, n
pe_DW8_ACCW32_546_test_1       2055.008403       1   2055.008403  h, n
pe_DW8_ACCW32_547_test_1       2041.284626       1   2041.284626  h, n
pe_DW8_ACCW32_548_test_1       2044.334355       1   2044.334355  h, n
pe_DW8_ACCW32_549_test_1       2046.875796       1   2046.875796  h, n
pe_DW8_ACCW32_550_test_1       2073.052627       1   2073.052627  h, n
pe_DW8_ACCW32_551_test_1       2048.654803       1   2048.654803  h, n
pe_DW8_ACCW32_552_test_1       2059.582995       1   2059.582995  h, n
pe_DW8_ACCW32_553_test_1       2051.958675       1   2051.958675  h, n
pe_DW8_ACCW32_554_test_1       2061.107858       1   2061.107858  h, n
pe_DW8_ACCW32_555_test_1       2055.516690       1   2055.516690  h, n
pe_DW8_ACCW32_556_test_1       2041.030483       1   2041.030483  h, n
pe_DW8_ACCW32_557_test_1       2048.654803       1   2048.654803  h, n
pe_DW8_ACCW32_558_test_1       2065.682451       1   2065.682451  h, n
pe_DW8_ACCW32_559_test_1       2055.008403       1   2055.008403  h, n
pe_DW8_ACCW32_560_test_1       2051.196243       1   2051.196243  h, n
pe_DW8_ACCW32_561_test_1       2041.030483       1   2041.030483  h, n
pe_DW8_ACCW32_562_test_1       2057.549844       1   2057.549844  h, n
pe_DW8_ACCW32_563_test_1       2053.737682       1   2053.737682  h, n
pe_DW8_ACCW32_564_test_1       2047.129939       1   2047.129939  h, n
pe_DW8_ACCW32_565_test_1       2050.433811       1   2050.433811  h, n
pe_DW8_ACCW32_566_test_1       2073.052627       1   2073.052627  h, n
pe_DW8_ACCW32_567_test_1       2045.096787       1   2045.096787  h, n
pe_DW8_ACCW32_568_test_1       2064.665875       1   2064.665875  h, n
pe_DW8_ACCW32_569_test_1       2047.638228       1   2047.638228  h, n
pe_DW8_ACCW32_570_test_1       2068.986323       1   2068.986323  h, n
pe_DW8_ACCW32_571_test_1       2056.787410       1   2056.787410  h, n
pe_DW8_ACCW32_572_test_1       2047.892371       1   2047.892371  h, n
pe_DW8_ACCW32_573_test_1       2048.654803       1   2048.654803  h, n
pe_DW8_ACCW32_574_test_1       2062.124435       1   2062.124435  h, n
pe_DW8_ACCW32_575_test_1       2071.527761       1   2071.527761  h, n
pe_DW8_ACCW32_576_test_1       1967.837008       1   1967.837008  h, n
pe_DW8_ACCW32_577_test_1       2053.229394       1   2053.229394  h, n
pe_DW8_ACCW32_578_test_1       2053.737684       1   2053.737684  h, n
pe_DW8_ACCW32_579_test_1       2056.787411       1   2056.787411  h, n
pe_DW8_ACCW32_580_test_1       2058.820563       1   2058.820563  h, n
pe_DW8_ACCW32_581_test_1       2058.566419       1   2058.566419  h, n
pe_DW8_ACCW32_582_test_1       2070.765331       1   2070.765331  h, n
pe_DW8_ACCW32_583_test_1       2054.500114       1   2054.500114  h, n
pe_DW8_ACCW32_584_test_1       2057.295698       1   2057.295698  h, n
pe_DW8_ACCW32_585_test_1       2043.571923       1   2043.571923  h, n
pe_DW8_ACCW32_586_test_1       2061.107859       1   2061.107859  h, n
pe_DW8_ACCW32_587_test_1       2045.859219       1   2045.859219  h, n
pe_DW8_ACCW32_588_test_1       2041.538771       1   2041.538771  h, n
pe_DW8_ACCW32_589_test_1       2045.350931       1   2045.350931  h, n
pe_DW8_ACCW32_590_test_1       2066.444883       1   2066.444883  h, n
pe_DW8_ACCW32_591_test_1       2051.704530       1   2051.704530  h, n
pe_DW8_ACCW32_592_test_1       2052.721107       1   2052.721107  h, n
pe_DW8_ACCW32_593_test_1       2047.638227       1   2047.638227  h, n
pe_DW8_ACCW32_594_test_1       2065.428307       1   2065.428307  h, n
pe_DW8_ACCW32_595_test_1       2051.704532       1   2051.704532  h, n
pe_DW8_ACCW32_596_test_1       2044.080211       1   2044.080211  h, n
pe_DW8_ACCW32_597_test_1       2047.129939       1   2047.129939  h, n
pe_DW8_ACCW32_598_test_1       2073.306771       1   2073.306771  h, n
pe_DW8_ACCW32_599_test_1       2061.616146       1   2061.616146  h, n
pe_DW8_ACCW32_600_test_1       2060.853715       1   2060.853715  h, n
pe_DW8_ACCW32_601_test_1       2050.942099       1   2050.942099  h, n
pe_DW8_ACCW32_602_test_1       2048.908946       1   2048.908946  h, n
pe_DW8_ACCW32_603_test_1       2060.599569       1   2060.599569  h, n
pe_DW8_ACCW32_604_test_1       2037.980755       1   2037.980755  h, n
pe_DW8_ACCW32_605_test_1       2046.113363       1   2046.113363  h, n
pe_DW8_ACCW32_606_test_1       2066.953171       1   2066.953171  h, n
pe_DW8_ACCW32_607_test_1       2036.710035       1   2036.710035  h, n
pe_DW8_ACCW32_608_test_1       1970.378448       1   1970.378448  h, n
pe_DW8_ACCW32_609_test_1       2048.400659       1   2048.400659  h, n
pe_DW8_ACCW32_610_test_1       2063.649299       1   2063.649299  h, n
pe_DW8_ACCW32_611_test_1       2062.378577       1   2062.378577  h, n
pe_DW8_ACCW32_612_test_1       2062.124435       1   2062.124435  h, n
pe_DW8_ACCW32_613_test_1       2048.654803       1   2048.654803  h, n
pe_DW8_ACCW32_614_test_1       2071.273619       1   2071.273619  h, n
pe_DW8_ACCW32_615_test_1       2055.516691       1   2055.516691  h, n
pe_DW8_ACCW32_616_test_1       2057.295698       1   2057.295698  h, n
pe_DW8_ACCW32_617_test_1       2060.599571       1   2060.599571  h, n
pe_DW8_ACCW32_618_test_1       2056.024979       1   2056.024979  h, n
pe_DW8_ACCW32_619_test_1       2050.179666       1   2050.179666  h, n
pe_DW8_ACCW32_620_test_1       2040.776338       1   2040.776338  h, n
pe_DW8_ACCW32_621_test_1       2050.433811       1   2050.433811  h, n
pe_DW8_ACCW32_622_test_1       2064.411731       1   2064.411731  h, n
pe_DW8_ACCW32_623_test_1       2051.704531       1   2051.704531  h, n
pe_DW8_ACCW32_624_test_1       2061.870290       1   2061.870290  h, n
pe_DW8_ACCW32_625_test_1       2052.721108       1   2052.721108  h, n
pe_DW8_ACCW32_626_test_1       2052.212819       1   2052.212819  h, n
pe_DW8_ACCW32_627_test_1       2046.621650       1   2046.621650  h, n
pe_DW8_ACCW32_628_test_1       2047.129939       1   2047.129939  h, n
pe_DW8_ACCW32_629_test_1       2051.450388       1   2051.450388  h, n
pe_DW8_ACCW32_630_test_1       2071.273619       1   2071.273619  h, n
pe_DW8_ACCW32_631_test_1       2052.466963       1   2052.466963  h, n
pe_DW8_ACCW32_632_test_1       2060.853715       1   2060.853715  h, n
pe_DW8_ACCW32_633_test_1       2049.163092       1   2049.163092  h, n
pe_DW8_ACCW32_634_test_1       2069.748754       1   2069.748754  h, n
pe_DW8_ACCW32_635_test_1       2049.671378       1   2049.671378  h, n
pe_DW8_ACCW32_636_test_1       2045.096786       1   2045.096786  h, n
pe_DW8_ACCW32_637_test_1       2048.400659       1   2048.400659  h, n
pe_DW8_ACCW32_638_test_1       2062.124435       1   2062.124435  h, n
pe_DW8_ACCW32_639_test_1       2056.279121       1   2056.279121  h, n
pe_DW8_ACCW32_640_test_1       1970.378448       1   1970.378448  h, n
pe_DW8_ACCW32_641_test_1       2051.958675       1   2051.958675  h, n
pe_DW8_ACCW32_642_test_1       2060.345427       1   2060.345427  h, n
pe_DW8_ACCW32_643_test_1       2045.605075       1   2045.605075  h, n
pe_DW8_ACCW32_644_test_1       2044.080211       1   2044.080211  h, n
pe_DW8_ACCW32_645_test_1       2049.417236       1   2049.417236  h, n
pe_DW8_ACCW32_646_test_1       2066.444883       1   2066.444883  h, n
pe_DW8_ACCW32_647_test_1       2049.925522       1   2049.925522  h, n
pe_DW8_ACCW32_648_test_1       2060.853715       1   2060.853715  h, n
pe_DW8_ACCW32_649_test_1       2037.980756       1   2037.980756  h, n
pe_DW8_ACCW32_650_test_1       2061.107859       1   2061.107859  h, n
pe_DW8_ACCW32_651_test_1       2063.649298       1   2063.649298  h, n
pe_DW8_ACCW32_652_test_1       2043.826067       1   2043.826067  h, n
pe_DW8_ACCW32_653_test_1       2057.295699       1   2057.295699  h, n
pe_DW8_ACCW32_654_test_1       2064.411731       1   2064.411731  h, n
pe_DW8_ACCW32_655_test_1       2051.450386       1   2051.450386  h, n
pe_DW8_ACCW32_656_test_1       2055.008402       1   2055.008402  h, n
pe_DW8_ACCW32_657_test_1       2048.400660       1   2048.400660  h, n
pe_DW8_ACCW32_658_test_1       2049.671378       1   2049.671378  h, n
pe_DW8_ACCW32_659_test_1       2041.792915       1   2041.792915  h, n
pe_DW8_ACCW32_660_test_1       2045.096787       1   2045.096787  h, n
pe_DW8_ACCW32_661_test_1       2058.058131       1   2058.058131  h, n
pe_DW8_ACCW32_662_test_1       2062.632723       1   2062.632723  h, n
pe_DW8_ACCW32_663_test_1       2067.207314       1   2067.207314  h, n
pe_DW8_ACCW32_664_test_1       2057.803986       1   2057.803986  h, n
pe_DW8_ACCW32_665_test_1       2033.660307       1   2033.660307  h, n
pe_DW8_ACCW32_666_test_1       2042.809490       1   2042.809490  h, n
pe_DW8_ACCW32_667_test_1       2061.870291       1   2061.870291  h, n
pe_DW8_ACCW32_668_test_1       2041.792915       1   2041.792915  h, n
pe_DW8_ACCW32_669_test_1       2051.958675       1   2051.958675  h, n
pe_DW8_ACCW32_670_test_1       2064.411731       1   2064.411731  h, n
pe_DW8_ACCW32_671_test_1       2065.174165       1   2065.174165  h, n
pe_DW8_ACCW32_672_test_1       1971.903312       1   1971.903312  h, n
pe_DW8_ACCW32_673_test_1       2054.500116       1   2054.500116  h, n
pe_DW8_ACCW32_674_test_1       2063.395155       1   2063.395155  h, n
pe_DW8_ACCW32_675_test_1       2056.533264       1   2056.533264  h, n
pe_DW8_ACCW32_676_test_1       2041.792915       1   2041.792915  h, n
pe_DW8_ACCW32_677_test_1       2052.212820       1   2052.212820  h, n
pe_DW8_ACCW32_678_test_1       2069.240467       1   2069.240467  h, n
pe_DW8_ACCW32_679_test_1       2048.654803       1   2048.654803  h, n
pe_DW8_ACCW32_680_test_1       2059.582995       1   2059.582995  h, n
pe_DW8_ACCW32_681_test_1       2060.091283       1   2060.091283  h, n
pe_DW8_ACCW32_682_test_1       2051.958674       1   2051.958674  h, n
pe_DW8_ACCW32_683_test_1       2055.262546       1   2055.262546  h, n
pe_DW8_ACCW32_684_test_1       2049.925523       1   2049.925523  h, n
pe_DW8_ACCW32_685_test_1       2048.146515       1   2048.146515  h, n
pe_DW8_ACCW32_686_test_1       2062.378579       1   2062.378579  h, n
pe_DW8_ACCW32_687_test_1       2055.008403       1   2055.008403  h, n
pe_DW8_ACCW32_688_test_1       2051.196243       1   2051.196243  h, n
pe_DW8_ACCW32_689_test_1       2047.638226       1   2047.638226  h, n
pe_DW8_ACCW32_690_test_1       2048.654804       1   2048.654804  h, n
pe_DW8_ACCW32_691_test_1       2051.196242       1   2051.196242  h, n
pe_DW8_ACCW32_692_test_1       2047.129939       1   2047.129939  h, n
pe_DW8_ACCW32_693_test_1       2049.163092       1   2049.163092  h, n
pe_DW8_ACCW32_694_test_1       2069.240467       1   2069.240467  h, n
pe_DW8_ACCW32_695_test_1       2041.538770       1   2041.538770  h, n
pe_DW8_ACCW32_696_test_1       2057.803986       1   2057.803986  h, n
pe_DW8_ACCW32_697_test_1       2040.776339       1   2040.776339  h, n
pe_DW8_ACCW32_698_test_1       2064.920019       1   2064.920019  h, n
pe_DW8_ACCW32_699_test_1       2053.483538       1   2053.483538  h, n
pe_DW8_ACCW32_700_test_1       2047.638226       1   2047.638226  h, n
pe_DW8_ACCW32_701_test_1       2048.654803       1   2048.654803  h, n
pe_DW8_ACCW32_702_test_1       2056.533267       1   2056.533267  h, n
pe_DW8_ACCW32_703_test_1       2073.815057       1   2073.815057  h, n
pe_DW8_ACCW32_704_test_1       1970.378448       1   1970.378448  h, n
pe_DW8_ACCW32_705_test_1       2046.621651       1   2046.621651  h, n
pe_DW8_ACCW32_706_test_1       2065.174162       1   2065.174162  h, n
pe_DW8_ACCW32_707_test_1       2051.704531       1   2051.704531  h, n
pe_DW8_ACCW32_708_test_1       2050.179667       1   2050.179667  h, n
pe_DW8_ACCW32_709_test_1       2047.384084       1   2047.384084  h, n
pe_DW8_ACCW32_710_test_1       2069.240467       1   2069.240467  h, n
pe_DW8_ACCW32_711_test_1       2053.483538       1   2053.483538  h, n
pe_DW8_ACCW32_712_test_1       2059.328850       1   2059.328850  h, n
pe_DW8_ACCW32_713_test_1       2045.096788       1   2045.096788  h, n
pe_DW8_ACCW32_714_test_1       2059.837139       1   2059.837139  h, n
pe_DW8_ACCW32_715_test_1       2049.163092       1   2049.163092  h, n
pe_DW8_ACCW32_716_test_1       2045.859218       1   2045.859218  h, n
pe_DW8_ACCW32_717_test_1       2045.350931       1   2045.350931  h, n
pe_DW8_ACCW32_718_test_1       2062.378579       1   2062.378579  h, n
pe_DW8_ACCW32_719_test_1       2051.958674       1   2051.958674  h, n
pe_DW8_ACCW32_720_test_1       2054.754259       1   2054.754259  h, n
pe_DW8_ACCW32_721_test_1       2044.080211       1   2044.080211  h, n
pe_DW8_ACCW32_722_test_1       2058.058132       1   2058.058132  h, n
pe_DW8_ACCW32_723_test_1       2057.041553       1   2057.041553  h, n
pe_DW8_ACCW32_724_test_1       2049.925524       1   2049.925524  h, n
pe_DW8_ACCW32_725_test_1       2047.129940       1   2047.129940  h, n
pe_DW8_ACCW32_726_test_1       2069.240467       1   2069.240467  h, n
pe_DW8_ACCW32_727_test_1       2064.920018       1   2064.920018  h, n
pe_DW8_ACCW32_728_test_1       2059.582995       1   2059.582995  h, n
pe_DW8_ACCW32_729_test_1       2049.163092       1   2049.163092  h, n
pe_DW8_ACCW32_730_test_1       2048.908947       1   2048.908947  h, n
pe_DW8_ACCW32_731_test_1       2048.400659       1   2048.400659  h, n
pe_DW8_ACCW32_732_test_1       2042.301202       1   2042.301202  h, n
pe_DW8_ACCW32_733_test_1       2047.384083       1   2047.384083  h, n
pe_DW8_ACCW32_734_test_1       2056.024979       1   2056.024979  h, n
pe_DW8_ACCW32_735_test_1       2036.710035       1   2036.710035  h, n
pe_DW8_ACCW32_736_test_1       1970.378448       1   1970.378448  h, n
pe_DW8_ACCW32_737_test_1       2052.721107       1   2052.721107  h, n
pe_DW8_ACCW32_738_test_1       2073.052626       1   2073.052626  h, n
pe_DW8_ACCW32_739_test_1       2057.549841       1   2057.549841  h, n
pe_DW8_ACCW32_740_test_1       2051.450387       1   2051.450387  h, n
pe_DW8_ACCW32_741_test_1       2060.599572       1   2060.599572  h, n
pe_DW8_ACCW32_742_test_1       2067.207315       1   2067.207315  h, n
pe_DW8_ACCW32_743_test_1       2056.024980       1   2056.024980  h, n
pe_DW8_ACCW32_744_test_1       2056.533266       1   2056.533266  h, n
pe_DW8_ACCW32_745_test_1       2050.942100       1   2050.942100  h, n
pe_DW8_ACCW32_746_test_1       2050.942098       1   2050.942098  h, n
pe_DW8_ACCW32_747_test_1       2046.113362       1   2046.113362  h, n
pe_DW8_ACCW32_748_test_1       2054.245971       1   2054.245971  h, n
pe_DW8_ACCW32_749_test_1       2048.400658       1   2048.400658  h, n
pe_DW8_ACCW32_750_test_1       2062.378579       1   2062.378579  h, n
pe_DW8_ACCW32_751_test_1       2050.179667       1   2050.179667  h, n
pe_DW8_ACCW32_752_test_1       2061.870290       1   2061.870290  h, n
pe_DW8_ACCW32_753_test_1       2037.980755       1   2037.980755  h, n
pe_DW8_ACCW32_754_test_1       2058.312275       1   2058.312275  h, n
pe_DW8_ACCW32_755_test_1       2045.859217       1   2045.859217  h, n
pe_DW8_ACCW32_756_test_1       2047.129939       1   2047.129939  h, n
pe_DW8_ACCW32_757_test_1       2048.400659       1   2048.400659  h, n
pe_DW8_ACCW32_758_test_1       2067.207315       1   2067.207315  h, n
pe_DW8_ACCW32_759_test_1       2052.466963       1   2052.466963  h, n
pe_DW8_ACCW32_760_test_1       2059.582995       1   2059.582995  h, n
pe_DW8_ACCW32_761_test_1       2046.621652       1   2046.621652  h, n
pe_DW8_ACCW32_762_test_1       2064.665876       1   2064.665876  h, n
pe_DW8_ACCW32_763_test_1       2052.721106       1   2052.721106  h, n
pe_DW8_ACCW32_764_test_1       2039.759762       1   2039.759762  h, n
pe_DW8_ACCW32_765_test_1       2048.908947       1   2048.908947  h, n
pe_DW8_ACCW32_766_test_1       2064.665875       1   2064.665875  h, n
pe_DW8_ACCW32_767_test_1       2050.687953       1   2050.687953  h, n
pe_DW8_ACCW32_768_test_1       1970.124304       1   1970.124304  h, n
pe_DW8_ACCW32_769_test_1       2047.129939       1   2047.129939  h, n
pe_DW8_ACCW32_770_test_1       2057.803988       1   2057.803988  h, n
pe_DW8_ACCW32_771_test_1       2041.538771       1   2041.538771  h, n
pe_DW8_ACCW32_772_test_1       2046.621652       1   2046.621652  h, n
pe_DW8_ACCW32_773_test_1       2052.212819       1   2052.212819  h, n
pe_DW8_ACCW32_774_test_1       2066.444883       1   2066.444883  h, n
pe_DW8_ACCW32_775_test_1       2050.433810       1   2050.433810  h, n
pe_DW8_ACCW32_776_test_1       2059.582995       1   2059.582995  h, n
pe_DW8_ACCW32_777_test_1       2047.638227       1   2047.638227  h, n
pe_DW8_ACCW32_778_test_1       2057.041555       1   2057.041555  h, n
pe_DW8_ACCW32_779_test_1       2065.428306       1   2065.428306  h, n
pe_DW8_ACCW32_780_test_1       2043.063635       1   2043.063635  h, n
pe_DW8_ACCW32_781_test_1       2061.107860       1   2061.107860  h, n
pe_DW8_ACCW32_782_test_1       2064.411731       1   2064.411731  h, n
pe_DW8_ACCW32_783_test_1       2051.704530       1   2051.704530  h, n
pe_DW8_ACCW32_784_test_1       2055.008402       1   2055.008402  h, n
pe_DW8_ACCW32_785_test_1       2046.113364       1   2046.113364  h, n
pe_DW8_ACCW32_786_test_1       2053.991828       1   2053.991828  h, n
pe_DW8_ACCW32_787_test_1       2056.279122       1   2056.279122  h, n
pe_DW8_ACCW32_788_test_1       2050.179667       1   2050.179667  h, n
pe_DW8_ACCW32_789_test_1       2037.218323       1   2037.218323  h, n
pe_DW8_ACCW32_790_test_1       2065.682451       1   2065.682451  h, n
pe_DW8_ACCW32_791_test_1       2050.433810       1   2050.433810  h, n
pe_DW8_ACCW32_792_test_1       2057.549843       1   2057.549843  h, n
pe_DW8_ACCW32_793_test_1       2038.997332       1   2038.997332  h, n
pe_DW8_ACCW32_794_test_1       2049.163091       1   2049.163091  h, n
pe_DW8_ACCW32_795_test_1       2057.549843       1   2057.549843  h, n
pe_DW8_ACCW32_796_test_1       2046.621651       1   2046.621651  h, n
pe_DW8_ACCW32_797_test_1       2051.958675       1   2051.958675  h, n
pe_DW8_ACCW32_798_test_1       2064.411731       1   2064.411731  h, n
pe_DW8_ACCW32_799_test_1       2063.141012       1   2063.141012  h, n
pe_DW8_ACCW32_800_test_1       1975.715472       1   1975.715472  h, n
pe_DW8_ACCW32_801_test_1       2053.991828       1   2053.991828  h, n
pe_DW8_ACCW32_802_test_1       2056.024979       1   2056.024979  h, n
pe_DW8_ACCW32_803_test_1       2046.875793       1   2046.875793  h, n
pe_DW8_ACCW32_804_test_1       2050.687955       1   2050.687955  h, n
pe_DW8_ACCW32_805_test_1       2047.638228       1   2047.638228  h, n
pe_DW8_ACCW32_806_test_1       2068.986323       1   2068.986323  h, n
pe_DW8_ACCW32_807_test_1       2048.654803       1   2048.654803  h, n
pe_DW8_ACCW32_808_test_1       2059.582995       1   2059.582995  h, n
pe_DW8_ACCW32_809_test_1       2051.196243       1   2051.196243  h, n
pe_DW8_ACCW32_810_test_1       2053.483539       1   2053.483539  h, n
pe_DW8_ACCW32_811_test_1       2057.549842       1   2057.549842  h, n
pe_DW8_ACCW32_812_test_1       2042.301203       1   2042.301203  h, n
pe_DW8_ACCW32_813_test_1       2061.870291       1   2061.870291  h, n
pe_DW8_ACCW32_814_test_1       2060.345427       1   2060.345427  h, n
pe_DW8_ACCW32_815_test_1       2054.754259       1   2054.754259  h, n
pe_DW8_ACCW32_816_test_1       2051.196243       1   2051.196243  h, n
pe_DW8_ACCW32_817_test_1       2044.334356       1   2044.334356  h, n
pe_DW8_ACCW32_818_test_1       2047.129940       1   2047.129940  h, n
pe_DW8_ACCW32_819_test_1       2056.279123       1   2056.279123  h, n
pe_DW8_ACCW32_820_test_1       2047.129939       1   2047.129939  h, n
pe_DW8_ACCW32_821_test_1       2043.063635       1   2043.063635  h, n
pe_DW8_ACCW32_822_test_1       2068.986323       1   2068.986323  h, n
pe_DW8_ACCW32_823_test_1       2045.096787       1   2045.096787  h, n
pe_DW8_ACCW32_824_test_1       2061.107858       1   2061.107858  h, n
pe_DW8_ACCW32_825_test_1       2040.013907       1   2040.013907  h, n
pe_DW8_ACCW32_826_test_1       2064.920019       1   2064.920019  h, n
pe_DW8_ACCW32_827_test_1       2051.958675       1   2051.958675  h, n
pe_DW8_ACCW32_828_test_1       2042.301203       1   2042.301203  h, n
pe_DW8_ACCW32_829_test_1       2048.400659       1   2048.400659  h, n
pe_DW8_ACCW32_830_test_1       2058.058131       1   2058.058131  h, n
pe_DW8_ACCW32_831_test_1       2052.975249       1   2052.975249  h, n
pe_DW8_ACCW32_832_test_1       1969.107728       1   1969.107728  h, n
pe_DW8_ACCW32_833_test_1       2047.129939       1   2047.129939  h, n
pe_DW8_ACCW32_834_test_1       2054.245972       1   2054.245972  h, n
pe_DW8_ACCW32_835_test_1       2050.179667       1   2050.179667  h, n
pe_DW8_ACCW32_836_test_1       2051.450387       1   2051.450387  h, n
pe_DW8_ACCW32_837_test_1       2058.820563       1   2058.820563  h, n
pe_DW8_ACCW32_838_test_1       2069.240467       1   2069.240467  h, n
pe_DW8_ACCW32_839_test_1       2056.787410       1   2056.787410  h, n
pe_DW8_ACCW32_840_test_1       2056.024978       1   2056.024978  h, n
pe_DW8_ACCW32_841_test_1       2035.185171       1   2035.185171  h, n
pe_DW8_ACCW32_842_test_1       2054.754259       1   2054.754259  h, n
pe_DW8_ACCW32_843_test_1       2046.875795       1   2046.875795  h, n
pe_DW8_ACCW32_844_test_1       2043.571922       1   2043.571922  h, n
pe_DW8_ACCW32_845_test_1       2044.842643       1   2044.842643  h, n
pe_DW8_ACCW32_846_test_1       2062.378579       1   2062.378579  h, n
pe_DW8_ACCW32_847_test_1       2053.229394       1   2053.229394  h, n
pe_DW8_ACCW32_848_test_1       2059.074707       1   2059.074707  h, n
pe_DW8_ACCW32_849_test_1       2060.091284       1   2060.091284  h, n
pe_DW8_ACCW32_850_test_1       2057.041555       1   2057.041555  h, n
pe_DW8_ACCW32_851_test_1       2046.367508       1   2046.367508  h, n
pe_DW8_ACCW32_852_test_1       2044.334355       1   2044.334355  h, n
pe_DW8_ACCW32_853_test_1       2047.129939       1   2047.129939  h, n
pe_DW8_ACCW32_854_test_1       2069.240467       1   2069.240467  h, n
pe_DW8_ACCW32_855_test_1       2057.295699       1   2057.295699  h, n
pe_DW8_ACCW32_856_test_1       2060.853715       1   2060.853715  h, n
pe_DW8_ACCW32_857_test_1       2041.284627       1   2041.284627  h, n
pe_DW8_ACCW32_858_test_1       2049.925522       1   2049.925522  h, n
pe_DW8_ACCW32_859_test_1       2057.041553       1   2057.041553  h, n
pe_DW8_ACCW32_860_test_1       2038.997331       1   2038.997331  h, n
pe_DW8_ACCW32_861_test_1       2047.384083       1   2047.384083  h, n
pe_DW8_ACCW32_862_test_1       2063.395155       1   2063.395155  h, n
pe_DW8_ACCW32_863_test_1       2037.980755       1   2037.980755  h, n
pe_DW8_ACCW32_864_test_1       1970.378448       1   1970.378448  h, n
pe_DW8_ACCW32_865_test_1       2045.096786       1   2045.096786  h, n
pe_DW8_ACCW32_866_test_1       2071.527763       1   2071.527763  h, n
pe_DW8_ACCW32_867_test_1       2069.240465       1   2069.240465  h, n
pe_DW8_ACCW32_868_test_1       2048.654803       1   2048.654803  h, n
pe_DW8_ACCW32_869_test_1       2049.163091       1   2049.163091  h, n
pe_DW8_ACCW32_870_test_1       2067.207315       1   2067.207315  h, n
pe_DW8_ACCW32_871_test_1       2056.279123       1   2056.279123  h, n
pe_DW8_ACCW32_872_test_1       2057.803986       1   2057.803986  h, n
pe_DW8_ACCW32_873_test_1       2056.279123       1   2056.279123  h, n
pe_DW8_ACCW32_874_test_1       2054.754259       1   2054.754259  h, n
pe_DW8_ACCW32_875_test_1       2053.229394       1   2053.229394  h, n
pe_DW8_ACCW32_876_test_1       2035.693459       1   2035.693459  h, n
pe_DW8_ACCW32_877_test_1       2056.533266       1   2056.533266  h, n
pe_DW8_ACCW32_878_test_1       2061.616147       1   2061.616147  h, n
pe_DW8_ACCW32_879_test_1       2054.245971       1   2054.245971  h, n
pe_DW8_ACCW32_880_test_1       2064.665875       1   2064.665875  h, n
pe_DW8_ACCW32_881_test_1       2042.809492       1   2042.809492  h, n
pe_DW8_ACCW32_882_test_1       2053.229396       1   2053.229396  h, n
pe_DW8_ACCW32_883_test_1       2056.787410       1   2056.787410  h, n
pe_DW8_ACCW32_884_test_1       2047.129939       1   2047.129939  h, n
pe_DW8_ACCW32_885_test_1       2055.008404       1   2055.008404  h, n
pe_DW8_ACCW32_886_test_1       2067.207315       1   2067.207315  h, n
pe_DW8_ACCW32_887_test_1       2052.721107       1   2052.721107  h, n
pe_DW8_ACCW32_888_test_1       2058.820562       1   2058.820562  h, n
pe_DW8_ACCW32_889_test_1       2046.621652       1   2046.621652  h, n
pe_DW8_ACCW32_890_test_1       2063.141011       1   2063.141011  h, n
pe_DW8_ACCW32_891_test_1       2063.649299       1   2063.649299  h, n
pe_DW8_ACCW32_892_test_1       2054.500115       1   2054.500115  h, n
pe_DW8_ACCW32_893_test_1       2048.908947       1   2048.908947  h, n
pe_DW8_ACCW32_894_test_1       2058.058131       1   2058.058131  h, n
pe_DW8_ACCW32_895_test_1       2066.699025       1   2066.699025  h, n
pe_DW8_ACCW32_896_test_1       1969.107728       1   1969.107728  h, n
pe_DW8_ACCW32_897_test_1       2051.958675       1   2051.958675  h, n
pe_DW8_ACCW32_898_test_1       2064.665876       1   2064.665876  h, n
pe_DW8_ACCW32_899_test_1       2046.367507       1   2046.367507  h, n
pe_DW8_ACCW32_900_test_1       2042.809490       1   2042.809490  h, n
pe_DW8_ACCW32_901_test_1       2053.991827       1   2053.991827  h, n
pe_DW8_ACCW32_902_test_1       2066.953171       1   2066.953171  h, n
pe_DW8_ACCW32_903_test_1       2052.212818       1   2052.212818  h, n
pe_DW8_ACCW32_904_test_1       2057.803986       1   2057.803986  h, n
pe_DW8_ACCW32_905_test_1       2041.792915       1   2041.792915  h, n
pe_DW8_ACCW32_906_test_1       2058.058131       1   2058.058131  h, n
pe_DW8_ACCW32_907_test_1       2050.942098       1   2050.942098  h, n
pe_DW8_ACCW32_908_test_1       2047.129938       1   2047.129938  h, n
pe_DW8_ACCW32_909_test_1       2061.107860       1   2061.107860  h, n
pe_DW8_ACCW32_910_test_1       2064.411731       1   2064.411731  h, n
pe_DW8_ACCW32_911_test_1       2053.737683       1   2053.737683  h, n
pe_DW8_ACCW32_912_test_1       2055.008402       1   2055.008402  h, n
pe_DW8_ACCW32_913_test_1       2047.892372       1   2047.892372  h, n
pe_DW8_ACCW32_914_test_1       2058.820563       1   2058.820563  h, n
pe_DW8_ACCW32_915_test_1       2050.942097       1   2050.942097  h, n
pe_DW8_ACCW32_916_test_1       2050.433811       1   2050.433811  h, n
pe_DW8_ACCW32_917_test_1       2057.549843       1   2057.549843  h, n
pe_DW8_ACCW32_918_test_1       2062.632723       1   2062.632723  h, n
pe_DW8_ACCW32_919_test_1       2054.500114       1   2054.500114  h, n
pe_DW8_ACCW32_920_test_1       2060.853715       1   2060.853715  h, n
pe_DW8_ACCW32_921_test_1       2039.759763       1   2039.759763  h, n
pe_DW8_ACCW32_922_test_1       2045.096786       1   2045.096786  h, n
pe_DW8_ACCW32_923_test_1       2054.754258       1   2054.754258  h, n
pe_DW8_ACCW32_924_test_1       2049.671378       1   2049.671378  h, n
pe_DW8_ACCW32_925_test_1       2051.958675       1   2051.958675  h, n
pe_DW8_ACCW32_926_test_1       2064.411731       1   2064.411731  h, n
pe_DW8_ACCW32_927_test_1       2063.649299       1   2063.649299  h, n
pe_DW8_ACCW32_928_test_1       1976.477904       1   1976.477904  h, n
pe_DW8_ACCW32_929_test_1       2039.251475       1   2039.251475  h, n
pe_DW8_ACCW32_930_test_1       2063.395155       1   2063.395155  h, n
pe_DW8_ACCW32_931_test_1       2055.008402       1   2055.008402  h, n
pe_DW8_ACCW32_932_test_1       2041.538771       1   2041.538771  h, n
pe_DW8_ACCW32_933_test_1       2049.163091       1   2049.163091  h, n
pe_DW8_ACCW32_934_test_1       2069.240467       1   2069.240467  h, n
pe_DW8_ACCW32_935_test_1       2048.654803       1   2048.654803  h, n
pe_DW8_ACCW32_936_test_1       2057.803986       1   2057.803986  h, n
pe_DW8_ACCW32_937_test_1       2055.008403       1   2055.008403  h, n
pe_DW8_ACCW32_938_test_1       2052.466963       1   2052.466963  h, n
pe_DW8_ACCW32_939_test_1       2056.533266       1   2056.533266  h, n
pe_DW8_ACCW32_940_test_1       2048.908946       1   2048.908946  h, n
pe_DW8_ACCW32_941_test_1       2049.417235       1   2049.417235  h, n
pe_DW8_ACCW32_942_test_1       2061.870291       1   2061.870291  h, n
pe_DW8_ACCW32_943_test_1       2054.500115       1   2054.500115  h, n
pe_DW8_ACCW32_944_test_1       2050.687954       1   2050.687954  h, n
pe_DW8_ACCW32_945_test_1       2053.483539       1   2053.483539  h, n
pe_DW8_ACCW32_946_test_1       2046.621652       1   2046.621652  h, n
pe_DW8_ACCW32_947_test_1       2054.500114       1   2054.500114  h, n
pe_DW8_ACCW32_948_test_1       2047.129939       1   2047.129939  h, n
pe_DW8_ACCW32_949_test_1       2051.958676       1   2051.958676  h, n
pe_DW8_ACCW32_950_test_1       2069.240467       1   2069.240467  h, n
pe_DW8_ACCW32_951_test_1       2047.892371       1   2047.892371  h, n
pe_DW8_ACCW32_952_test_1       2060.599571       1   2060.599571  h, n
pe_DW8_ACCW32_953_test_1       2050.179668       1   2050.179668  h, n
pe_DW8_ACCW32_954_test_1       2064.920019       1   2064.920019  h, n
pe_DW8_ACCW32_955_test_1       2048.908947       1   2048.908947  h, n
pe_DW8_ACCW32_956_test_1       2044.334354       1   2044.334354  h, n
pe_DW8_ACCW32_957_test_1       2048.908947       1   2048.908947  h, n
pe_DW8_ACCW32_958_test_1       2056.533267       1   2056.533267  h, n
pe_DW8_ACCW32_959_test_1       2054.754259       1   2054.754259  h, n
pe_DW8_ACCW32_960_test_1       1968.853584       1   1968.853584  h, n
pe_DW8_ACCW32_961_test_1       2050.687955       1   2050.687955  h, n
pe_DW8_ACCW32_962_test_1       2060.853714       1   2060.853714  h, n
pe_DW8_ACCW32_963_test_1       2051.196243       1   2051.196243  h, n
pe_DW8_ACCW32_964_test_1       2052.212818       1   2052.212818  h, n
pe_DW8_ACCW32_965_test_1       2049.163091       1   2049.163091  h, n
pe_DW8_ACCW32_966_test_1       2068.732179       1   2068.732179  h, n
pe_DW8_ACCW32_967_test_1       2056.279122       1   2056.279122  h, n
pe_DW8_ACCW32_968_test_1       2062.632723       1   2062.632723  h, n
pe_DW8_ACCW32_969_test_1       2041.284627       1   2041.284627  h, n
pe_DW8_ACCW32_970_test_1       2058.312275       1   2058.312275  h, n
pe_DW8_ACCW32_971_test_1       2044.842643       1   2044.842643  h, n
pe_DW8_ACCW32_972_test_1       2043.826066       1   2043.826066  h, n
pe_DW8_ACCW32_973_test_1       2045.350931       1   2045.350931  h, n
pe_DW8_ACCW32_974_test_1       2062.378579       1   2062.378579  h, n
pe_DW8_ACCW32_975_test_1       2053.737683       1   2053.737683  h, n
pe_DW8_ACCW32_976_test_1       2054.754259       1   2054.754259  h, n
pe_DW8_ACCW32_977_test_1       2044.842643       1   2044.842643  h, n
pe_DW8_ACCW32_978_test_1       2049.925523       1   2049.925523  h, n
pe_DW8_ACCW32_979_test_1       2067.461458       1   2067.461458  h, n
pe_DW8_ACCW32_980_test_1       2044.842643       1   2044.842643  h, n
pe_DW8_ACCW32_981_test_1       2047.129940       1   2047.129940  h, n
pe_DW8_ACCW32_982_test_1       2069.240467       1   2069.240467  h, n
pe_DW8_ACCW32_983_test_1       2066.699027       1   2066.699027  h, n
pe_DW8_ACCW32_984_test_1       2059.582995       1   2059.582995  h, n
pe_DW8_ACCW32_985_test_1       2045.096788       1   2045.096788  h, n
pe_DW8_ACCW32_986_test_1       2044.842642       1   2044.842642  h, n
pe_DW8_ACCW32_987_test_1       2038.743187       1   2038.743187  h, n
pe_DW8_ACCW32_988_test_1       2047.384083       1   2047.384083  h, n
pe_DW8_ACCW32_989_test_1       2047.384083       1   2047.384083  h, n
pe_DW8_ACCW32_990_test_1       2058.058131       1   2058.058131  h, n
pe_DW8_ACCW32_991_test_1       2046.621650       1   2046.621650  h, n
pe_DW8_ACCW32_992_test_1       1970.378448       1   1970.378448  h, n
pe_DW8_ACCW32_993_test_1       2046.875795       1   2046.875795  h, n
pe_DW8_ACCW32_994_test_1       2068.986323       1   2068.986323  h, n
pe_DW8_ACCW32_995_test_1       2057.041554       1   2057.041554  h, n
pe_DW8_ACCW32_996_test_1       2043.571923       1   2043.571923  h, n
pe_DW8_ACCW32_997_test_1       2055.516691       1   2055.516691  h, n
pe_DW8_ACCW32_998_test_1       2066.953171       1   2066.953171  h, n
pe_DW8_ACCW32_999_test_1       2056.024980       1   2056.024980  h, n
pe_DW8_ACCW32_1000_test_1      2050.433812       1   2050.433812  h, n
pe_DW8_ACCW32_1001_test_1      2034.676883       1   2034.676883  h, n
pe_DW8_ACCW32_1002_test_1      2057.803986       1   2057.803986  h, n
pe_DW8_ACCW32_1003_test_1      2055.770834       1   2055.770834  h, n
pe_DW8_ACCW32_1004_test_1      2043.317778       1   2043.317778  h, n
pe_DW8_ACCW32_1005_test_1      2048.400658       1   2048.400658  h, n
pe_DW8_ACCW32_1006_test_1      2062.378579       1   2062.378579  h, n
pe_DW8_ACCW32_1007_test_1      2051.196243       1   2051.196243  h, n
pe_DW8_ACCW32_1008_test_1      2064.157586       1   2064.157586  h, n
pe_DW8_ACCW32_1009_test_1      2055.770835       1   2055.770835  h, n
pe_DW8_ACCW32_1010_test_1      2047.384083       1   2047.384083  h, n
pe_DW8_ACCW32_1011_test_1      2047.129938       1   2047.129938  h, n
pe_DW8_ACCW32_1012_test_1      2046.621650       1   2046.621650  h, n
pe_DW8_ACCW32_1013_test_1      2051.704531       1   2051.704531  h, n
pe_DW8_ACCW32_1014_test_1      2066.699026       1   2066.699026  h, n
pe_DW8_ACCW32_1015_test_1      2052.975251       1   2052.975251  h, n
pe_DW8_ACCW32_1016_test_1      2060.345426       1   2060.345426  h, n
pe_DW8_ACCW32_1017_test_1      2043.826068       1   2043.826068  h, n
pe_DW8_ACCW32_1018_test_1      2067.969747       1   2067.969747  h, n
pe_DW8_ACCW32_1019_test_1      2059.328850       1   2059.328850  h, n
pe_DW8_ACCW32_1020_test_1      2045.096786       1   2045.096786  h, n
pe_DW8_ACCW32_1021_test_1      2047.384083       1   2047.384083  h, n
pe_DW8_ACCW32_1022_test_1      2061.107859       1   2061.107859  h, n
pe_DW8_ACCW32_1023_test_1      2047.892371       1   2047.892371  h, n
-----------------------------------------------------------------------------
Total 1039 references                               2241765.614326
1
