 
****************************************
Report : qor
Design : systolic_array_32x32
Version: W-2024.09
Date   : Thu Jul  9 15:08:19 2026
****************************************


  Timing Path Group 'CLK'
  -----------------------------------
  Levels of Logic:              26.00
  Critical Path Length:          8.15
  Critical Path Slack:           0.00
  Critical Path Clk Period:      9.50
  Total Negative Slack:          0.00
  No. of Violating Paths:        0.00
  Worst Hold Violation:          0.00
  Total Hold Violation:          0.00
  No. of Hold Violations:        0.00
  -----------------------------------


  Cell Count
  -----------------------------------
  Hierarchical Cell Count:       1024
  Hierarchical Port Count:      63500
  Leaf Cell Count:             731317
  Buf/Inv Cell Count:          162915
  Buf Cell Count:                1803
  Inv Cell Count:              161112
  CT Buf/Inv Cell Count:            0
  Combinational Cell Count:    648597
  Sequential Cell Count:        82720
  Macro Count:                      0
  -----------------------------------


  Area
  -----------------------------------
  Combinational Area:  1484899.349201
  Noncombinational Area:
                        756866.265125
  Buf/Inv Area:         220210.948298
  Total Buffer Area:          4214.72
  Total Inverter Area:      215996.22
  Macro/Black Box Area:      0.000000
  Net Area:             961162.200608
  -----------------------------------
  Cell Area:           2241765.614326
  Design Area:         3202927.814934


  Design Rules
  -----------------------------------
  Total Number of Nets:        814536
  Nets With Violations:        127864
  Max Trans Violations:        127864
  Max Cap Violations:               0
  -----------------------------------


  Hostname: ict-chipin.sot.pdpu.ac.in

  Compile CPU Statistics
  -----------------------------------------
  Resource Sharing:                    0.32
  Logic Optimization:                 36.72
  Mapping Optimization:              443.13
  -----------------------------------------
  Overall Compile Time:             1203.62
  Overall Compile Wall Clock Time:   538.67

  --------------------------------------------------------------------

  Design  WNS: 0.00  TNS: 0.00  Number of Violating Paths: 0


  Design (Hold)  WNS: 0.00  TNS: 0.00  Number of Violating Paths: 0

  --------------------------------------------------------------------


1
