 
****************************************
Report : power
        -analysis_effort low
Design : systolic_array_32x32
Version: W-2024.09
Date   : Thu Jul  9 14:07:31 2026
****************************************


Library(s) Used:

    saed32rvt_ss0p7vn40c (File: /home/student/Downloads/Workshop/ref/lib/stdcell_rvt/saed32rvt_ss0p7vn40c.db)


Operating Conditions: ss0p7vn40c   Library: saed32rvt_ss0p7vn40c
Wire Load Model Mode: enclosed

Design        Wire Load Model            Library
------------------------------------------------
systolic_array_32x32   2000000           saed32rvt_ss0p7vn40c
pe_DW8_ACCW32_1023     8000              saed32rvt_ss0p7vn40c
pe_DW8_ACCW32_992      8000              saed32rvt_ss0p7vn40c
pe_DW8_ACCW32_1        8000              saed32rvt_ss0p7vn40c
pe_DW8_ACCW32_2        8000              saed32rvt_ss0p7vn40c
pe_DW8_ACCW32_3        8000              saed32rvt_ss0p7vn40c
pe_DW8_ACCW32_4        8000              saed32rvt_ss0p7vn40c
pe_DW8_ACCW32_5        8000              saed32rvt_ss0p7vn40c
pe_DW8_ACCW32_6        8000              saed32rvt_ss0p7vn40c
pe_DW8_ACCW32_7        8000              saed32rvt_ss0p7vn40c
pe_DW8_ACCW32_8        8000              saed32rvt_ss0p7vn40c
pe_DW8_ACCW32_9        8000              saed32rvt_ss0p7vn40c
pe_DW8_ACCW32_10       8000              saed32rvt_ss0p7vn40c
pe_DW8_ACCW32_11       8000              saed32rvt_ss0p7vn40c
pe_DW8_ACCW32_12       8000              saed32rvt_ss0p7vn40c
pe_DW8_ACCW32_13       8000              saed32rvt_ss0p7vn40c
pe_DW8_ACCW32_14       8000              saed32rvt_ss0p7vn40c
pe_DW8_ACCW32_15       8000              saed32rvt_ss0p7vn40c
pe_DW8_ACCW32_16       8000              saed32rvt_ss0p7vn40c
pe_DW8_ACCW32_17       8000              saed32rvt_ss0p7vn40c
pe_DW8_ACCW32_18       8000              saed32rvt_ss0p7vn40c
pe_DW8_ACCW32_19       8000              saed32rvt_ss0p7vn40c
pe_DW8_ACCW32_20       8000              saed32rvt_ss0p7vn40c
pe_DW8_ACCW32_21       8000              saed32rvt_ss0p7vn40c
pe_DW8_ACCW32_22       8000              saed32rvt_ss0p7vn40c
pe_DW8_ACCW32_23       8000              saed32rvt_ss0p7vn40c
pe_DW8_ACCW32_24       8000              saed32rvt_ss0p7vn40c
pe_DW8_ACCW32_25       8000              saed32rvt_ss0p7vn40c
pe_DW8_ACCW32_26       8000              saed32rvt_ss0p7vn40c
pe_DW8_ACCW32_27       8000              saed32rvt_ss0p7vn40c
pe_DW8_ACCW32_28       8000              saed32rvt_ss0p7vn40c
pe_DW8_ACCW32_29       8000              saed32rvt_ss0p7vn40c
pe_DW8_ACCW32_30       8000              saed32rvt_ss0p7vn40c
pe_DW8_ACCW32_31       8000              saed32rvt_ss0p7vn40c
pe_DW8_ACCW32_33       8000              saed32rvt_ss0p7vn40c
pe_DW8_ACCW32_34       8000              saed32rvt_ss0p7vn40c
pe_DW8_ACCW32_35       8000              saed32rvt_ss0p7vn40c
pe_DW8_ACCW32_36       8000              saed32rvt_ss0p7vn40c
pe_DW8_ACCW32_37       8000              saed32rvt_ss0p7vn40c
pe_DW8_ACCW32_38       8000              saed32rvt_ss0p7vn40c
pe_DW8_ACCW32_39       8000              saed32rvt_ss0p7vn40c
pe_DW8_ACCW32_40       8000              saed32rvt_ss0p7vn40c
pe_DW8_ACCW32_41       8000              saed32rvt_ss0p7vn40c
pe_DW8_ACCW32_42       8000              saed32rvt_ss0p7vn40c
pe_DW8_ACCW32_43       8000              saed32rvt_ss0p7vn40c
pe_DW8_ACCW32_44       8000              saed32rvt_ss0p7vn40c
pe_DW8_ACCW32_45       8000              saed32rvt_ss0p7vn40c
pe_DW8_ACCW32_46       8000              saed32rvt_ss0p7vn40c
pe_DW8_ACCW32_47       8000              saed32rvt_ss0p7vn40c
pe_DW8_ACCW32_48       8000              saed32rvt_ss0p7vn40c
pe_DW8_ACCW32_49       8000              saed32rvt_ss0p7vn40c
pe_DW8_ACCW32_50       8000              saed32rvt_ss0p7vn40c
pe_DW8_ACCW32_51       8000              saed32rvt_ss0p7vn40c
pe_DW8_ACCW32_52       8000              saed32rvt_ss0p7vn40c
pe_DW8_ACCW32_53       8000              saed32rvt_ss0p7vn40c
pe_DW8_ACCW32_54       8000              saed32rvt_ss0p7vn40c
pe_DW8_ACCW32_55       8000              saed32rvt_ss0p7vn40c
pe_DW8_ACCW32_56       8000              saed32rvt_ss0p7vn40c
pe_DW8_ACCW32_57       8000              saed32rvt_ss0p7vn40c
pe_DW8_ACCW32_58       8000              saed32rvt_ss0p7vn40c
pe_DW8_ACCW32_59       8000              saed32rvt_ss0p7vn40c
pe_DW8_ACCW32_60       8000              saed32rvt_ss0p7vn40c
pe_DW8_ACCW32_61       8000              saed32rvt_ss0p7vn40c
pe_DW8_ACCW32_62       8000              saed32rvt_ss0p7vn40c
pe_DW8_ACCW32_63       8000              saed32rvt_ss0p7vn40c
pe_DW8_ACCW32_65       8000              saed32rvt_ss0p7vn40c
pe_DW8_ACCW32_66       8000              saed32rvt_ss0p7vn40c
pe_DW8_ACCW32_67       8000              saed32rvt_ss0p7vn40c
pe_DW8_ACCW32_68       8000              saed32rvt_ss0p7vn40c
pe_DW8_ACCW32_69       8000              saed32rvt_ss0p7vn40c
pe_DW8_ACCW32_70       8000              saed32rvt_ss0p7vn40c
pe_DW8_ACCW32_71       8000              saed32rvt_ss0p7vn40c
pe_DW8_ACCW32_72       8000              saed32rvt_ss0p7vn40c
pe_DW8_ACCW32_73       8000              saed32rvt_ss0p7vn40c
pe_DW8_ACCW32_74       8000              saed32rvt_ss0p7vn40c
pe_DW8_ACCW32_75       8000              saed32rvt_ss0p7vn40c
pe_DW8_ACCW32_76       8000              saed32rvt_ss0p7vn40c
pe_DW8_ACCW32_77       8000              saed32rvt_ss0p7vn40c
pe_DW8_ACCW32_78       8000              saed32rvt_ss0p7vn40c
pe_DW8_ACCW32_79       8000              saed32rvt_ss0p7vn40c
pe_DW8_ACCW32_80       8000              saed32rvt_ss0p7vn40c
pe_DW8_ACCW32_81       8000              saed32rvt_ss0p7vn40c
pe_DW8_ACCW32_82       8000              saed32rvt_ss0p7vn40c
pe_DW8_ACCW32_83       8000              saed32rvt_ss0p7vn40c
pe_DW8_ACCW32_84       8000              saed32rvt_ss0p7vn40c
pe_DW8_ACCW32_85       8000              saed32rvt_ss0p7vn40c
pe_DW8_ACCW32_86       8000              saed32rvt_ss0p7vn40c
pe_DW8_ACCW32_87       8000              saed32rvt_ss0p7vn40c
pe_DW8_ACCW32_88       8000              saed32rvt_ss0p7vn40c
pe_DW8_ACCW32_89       8000              saed32rvt_ss0p7vn40c
pe_DW8_ACCW32_90       8000              saed32rvt_ss0p7vn40c
pe_DW8_ACCW32_91       8000              saed32rvt_ss0p7vn40c
pe_DW8_ACCW32_92       8000              saed32rvt_ss0p7vn40c
pe_DW8_ACCW32_93       8000              saed32rvt_ss0p7vn40c
pe_DW8_ACCW32_94       8000              saed32rvt_ss0p7vn40c
pe_DW8_ACCW32_95       8000              saed32rvt_ss0p7vn40c
pe_DW8_ACCW32_97       8000              saed32rvt_ss0p7vn40c
pe_DW8_ACCW32_98       8000              saed32rvt_ss0p7vn40c
pe_DW8_ACCW32_99       8000              saed32rvt_ss0p7vn40c
pe_DW8_ACCW32_100      8000              saed32rvt_ss0p7vn40c
pe_DW8_ACCW32_101      8000              saed32rvt_ss0p7vn40c
pe_DW8_ACCW32_102      8000              saed32rvt_ss0p7vn40c
pe_DW8_ACCW32_103      8000              saed32rvt_ss0p7vn40c
pe_DW8_ACCW32_104      8000              saed32rvt_ss0p7vn40c
pe_DW8_ACCW32_105      8000              saed32rvt_ss0p7vn40c
pe_DW8_ACCW32_106      8000              saed32rvt_ss0p7vn40c
pe_DW8_ACCW32_107      8000              saed32rvt_ss0p7vn40c
pe_DW8_ACCW32_108      8000              saed32rvt_ss0p7vn40c
pe_DW8_ACCW32_109      8000              saed32rvt_ss0p7vn40c
pe_DW8_ACCW32_110      8000              saed32rvt_ss0p7vn40c
pe_DW8_ACCW32_111      8000              saed32rvt_ss0p7vn40c
pe_DW8_ACCW32_112      8000              saed32rvt_ss0p7vn40c
pe_DW8_ACCW32_113      8000              saed32rvt_ss0p7vn40c
pe_DW8_ACCW32_114      8000              saed32rvt_ss0p7vn40c
pe_DW8_ACCW32_115      8000              saed32rvt_ss0p7vn40c
pe_DW8_ACCW32_116      8000              saed32rvt_ss0p7vn40c
pe_DW8_ACCW32_117      8000              saed32rvt_ss0p7vn40c
pe_DW8_ACCW32_118      8000              saed32rvt_ss0p7vn40c
pe_DW8_ACCW32_119      8000              saed32rvt_ss0p7vn40c
pe_DW8_ACCW32_120      8000              saed32rvt_ss0p7vn40c
pe_DW8_ACCW32_121      8000              saed32rvt_ss0p7vn40c
pe_DW8_ACCW32_122      8000              saed32rvt_ss0p7vn40c
pe_DW8_ACCW32_123      8000              saed32rvt_ss0p7vn40c
pe_DW8_ACCW32_124      8000              saed32rvt_ss0p7vn40c
pe_DW8_ACCW32_125      8000              saed32rvt_ss0p7vn40c
pe_DW8_ACCW32_126      8000              saed32rvt_ss0p7vn40c
pe_DW8_ACCW32_127      8000              saed32rvt_ss0p7vn40c
pe_DW8_ACCW32_129      8000              saed32rvt_ss0p7vn40c
pe_DW8_ACCW32_130      8000              saed32rvt_ss0p7vn40c
pe_DW8_ACCW32_131      8000              saed32rvt_ss0p7vn40c
pe_DW8_ACCW32_132      8000              saed32rvt_ss0p7vn40c
pe_DW8_ACCW32_133      8000              saed32rvt_ss0p7vn40c
pe_DW8_ACCW32_134      8000              saed32rvt_ss0p7vn40c
pe_DW8_ACCW32_135      8000              saed32rvt_ss0p7vn40c
pe_DW8_ACCW32_136      8000              saed32rvt_ss0p7vn40c
pe_DW8_ACCW32_137      8000              saed32rvt_ss0p7vn40c
pe_DW8_ACCW32_138      8000              saed32rvt_ss0p7vn40c
pe_DW8_ACCW32_139      8000              saed32rvt_ss0p7vn40c
pe_DW8_ACCW32_140      8000              saed32rvt_ss0p7vn40c
pe_DW8_ACCW32_141      8000              saed32rvt_ss0p7vn40c
pe_DW8_ACCW32_142      8000              saed32rvt_ss0p7vn40c
pe_DW8_ACCW32_143      8000              saed32rvt_ss0p7vn40c
pe_DW8_ACCW32_144      8000              saed32rvt_ss0p7vn40c
pe_DW8_ACCW32_145      8000              saed32rvt_ss0p7vn40c
pe_DW8_ACCW32_146      8000              saed32rvt_ss0p7vn40c
pe_DW8_ACCW32_147      8000              saed32rvt_ss0p7vn40c
pe_DW8_ACCW32_148      8000              saed32rvt_ss0p7vn40c
pe_DW8_ACCW32_149      8000              saed32rvt_ss0p7vn40c
pe_DW8_ACCW32_150      8000              saed32rvt_ss0p7vn40c
pe_DW8_ACCW32_151      8000              saed32rvt_ss0p7vn40c
pe_DW8_ACCW32_152      8000              saed32rvt_ss0p7vn40c
pe_DW8_ACCW32_153      8000              saed32rvt_ss0p7vn40c
pe_DW8_ACCW32_154      8000              saed32rvt_ss0p7vn40c
pe_DW8_ACCW32_155      8000              saed32rvt_ss0p7vn40c
pe_DW8_ACCW32_156      8000              saed32rvt_ss0p7vn40c
pe_DW8_ACCW32_157      8000              saed32rvt_ss0p7vn40c
pe_DW8_ACCW32_158      8000              saed32rvt_ss0p7vn40c
pe_DW8_ACCW32_159      8000              saed32rvt_ss0p7vn40c
pe_DW8_ACCW32_161      8000              saed32rvt_ss0p7vn40c
pe_DW8_ACCW32_162      8000              saed32rvt_ss0p7vn40c
pe_DW8_ACCW32_163      8000              saed32rvt_ss0p7vn40c
pe_DW8_ACCW32_164      8000              saed32rvt_ss0p7vn40c
pe_DW8_ACCW32_165      8000              saed32rvt_ss0p7vn40c
pe_DW8_ACCW32_166      8000              saed32rvt_ss0p7vn40c
pe_DW8_ACCW32_167      8000              saed32rvt_ss0p7vn40c
pe_DW8_ACCW32_168      8000              saed32rvt_ss0p7vn40c
pe_DW8_ACCW32_169      8000              saed32rvt_ss0p7vn40c
pe_DW8_ACCW32_170      8000              saed32rvt_ss0p7vn40c
pe_DW8_ACCW32_171      8000              saed32rvt_ss0p7vn40c
pe_DW8_ACCW32_172      8000              saed32rvt_ss0p7vn40c
pe_DW8_ACCW32_173      8000              saed32rvt_ss0p7vn40c
pe_DW8_ACCW32_174      8000              saed32rvt_ss0p7vn40c
pe_DW8_ACCW32_175      8000              saed32rvt_ss0p7vn40c
pe_DW8_ACCW32_176      8000              saed32rvt_ss0p7vn40c
pe_DW8_ACCW32_177      8000              saed32rvt_ss0p7vn40c
pe_DW8_ACCW32_178      8000              saed32rvt_ss0p7vn40c
pe_DW8_ACCW32_179      8000              saed32rvt_ss0p7vn40c
pe_DW8_ACCW32_180      8000              saed32rvt_ss0p7vn40c
pe_DW8_ACCW32_181      8000              saed32rvt_ss0p7vn40c
pe_DW8_ACCW32_182      8000              saed32rvt_ss0p7vn40c
pe_DW8_ACCW32_183      8000              saed32rvt_ss0p7vn40c
pe_DW8_ACCW32_184      8000              saed32rvt_ss0p7vn40c
pe_DW8_ACCW32_185      8000              saed32rvt_ss0p7vn40c
pe_DW8_ACCW32_186      8000              saed32rvt_ss0p7vn40c
pe_DW8_ACCW32_187      8000              saed32rvt_ss0p7vn40c
pe_DW8_ACCW32_188      8000              saed32rvt_ss0p7vn40c
pe_DW8_ACCW32_189      8000              saed32rvt_ss0p7vn40c
pe_DW8_ACCW32_190      8000              saed32rvt_ss0p7vn40c
pe_DW8_ACCW32_191      8000              saed32rvt_ss0p7vn40c
pe_DW8_ACCW32_193      8000              saed32rvt_ss0p7vn40c
pe_DW8_ACCW32_194      8000              saed32rvt_ss0p7vn40c
pe_DW8_ACCW32_195      8000              saed32rvt_ss0p7vn40c
pe_DW8_ACCW32_196      8000              saed32rvt_ss0p7vn40c
pe_DW8_ACCW32_197      8000              saed32rvt_ss0p7vn40c
pe_DW8_ACCW32_198      8000              saed32rvt_ss0p7vn40c
pe_DW8_ACCW32_199      8000              saed32rvt_ss0p7vn40c
pe_DW8_ACCW32_200      8000              saed32rvt_ss0p7vn40c
pe_DW8_ACCW32_201      8000              saed32rvt_ss0p7vn40c
pe_DW8_ACCW32_202      8000              saed32rvt_ss0p7vn40c
pe_DW8_ACCW32_203      8000              saed32rvt_ss0p7vn40c
pe_DW8_ACCW32_204      8000              saed32rvt_ss0p7vn40c
pe_DW8_ACCW32_205      8000              saed32rvt_ss0p7vn40c
pe_DW8_ACCW32_206      8000              saed32rvt_ss0p7vn40c
pe_DW8_ACCW32_207      8000              saed32rvt_ss0p7vn40c
pe_DW8_ACCW32_208      8000              saed32rvt_ss0p7vn40c
pe_DW8_ACCW32_209      8000              saed32rvt_ss0p7vn40c
pe_DW8_ACCW32_210      8000              saed32rvt_ss0p7vn40c
pe_DW8_ACCW32_211      8000              saed32rvt_ss0p7vn40c
pe_DW8_ACCW32_212      8000              saed32rvt_ss0p7vn40c
pe_DW8_ACCW32_213      8000              saed32rvt_ss0p7vn40c
pe_DW8_ACCW32_214      8000              saed32rvt_ss0p7vn40c
pe_DW8_ACCW32_215      8000              saed32rvt_ss0p7vn40c
pe_DW8_ACCW32_216      8000              saed32rvt_ss0p7vn40c
pe_DW8_ACCW32_217      8000              saed32rvt_ss0p7vn40c
pe_DW8_ACCW32_218      8000              saed32rvt_ss0p7vn40c
pe_DW8_ACCW32_219      8000              saed32rvt_ss0p7vn40c
pe_DW8_ACCW32_220      8000              saed32rvt_ss0p7vn40c
pe_DW8_ACCW32_221      8000              saed32rvt_ss0p7vn40c
pe_DW8_ACCW32_222      8000              saed32rvt_ss0p7vn40c
pe_DW8_ACCW32_223      8000              saed32rvt_ss0p7vn40c
pe_DW8_ACCW32_225      8000              saed32rvt_ss0p7vn40c
pe_DW8_ACCW32_226      8000              saed32rvt_ss0p7vn40c
pe_DW8_ACCW32_227      8000              saed32rvt_ss0p7vn40c
pe_DW8_ACCW32_228      8000              saed32rvt_ss0p7vn40c
pe_DW8_ACCW32_229      8000              saed32rvt_ss0p7vn40c
pe_DW8_ACCW32_230      8000              saed32rvt_ss0p7vn40c
pe_DW8_ACCW32_231      8000              saed32rvt_ss0p7vn40c
pe_DW8_ACCW32_232      8000              saed32rvt_ss0p7vn40c
pe_DW8_ACCW32_233      8000              saed32rvt_ss0p7vn40c
pe_DW8_ACCW32_234      8000              saed32rvt_ss0p7vn40c
pe_DW8_ACCW32_235      8000              saed32rvt_ss0p7vn40c
pe_DW8_ACCW32_236      8000              saed32rvt_ss0p7vn40c
pe_DW8_ACCW32_237      8000              saed32rvt_ss0p7vn40c
pe_DW8_ACCW32_238      8000              saed32rvt_ss0p7vn40c
pe_DW8_ACCW32_239      8000              saed32rvt_ss0p7vn40c
pe_DW8_ACCW32_240      8000              saed32rvt_ss0p7vn40c
pe_DW8_ACCW32_241      8000              saed32rvt_ss0p7vn40c
pe_DW8_ACCW32_242      8000              saed32rvt_ss0p7vn40c
pe_DW8_ACCW32_243      8000              saed32rvt_ss0p7vn40c
pe_DW8_ACCW32_244      8000              saed32rvt_ss0p7vn40c
pe_DW8_ACCW32_245      8000              saed32rvt_ss0p7vn40c
pe_DW8_ACCW32_246      8000              saed32rvt_ss0p7vn40c
pe_DW8_ACCW32_247      8000              saed32rvt_ss0p7vn40c
pe_DW8_ACCW32_248      8000              saed32rvt_ss0p7vn40c
pe_DW8_ACCW32_249      8000              saed32rvt_ss0p7vn40c
pe_DW8_ACCW32_250      8000              saed32rvt_ss0p7vn40c
pe_DW8_ACCW32_251      8000              saed32rvt_ss0p7vn40c
pe_DW8_ACCW32_252      8000              saed32rvt_ss0p7vn40c
pe_DW8_ACCW32_253      8000              saed32rvt_ss0p7vn40c
pe_DW8_ACCW32_254      8000              saed32rvt_ss0p7vn40c
pe_DW8_ACCW32_255      8000              saed32rvt_ss0p7vn40c
pe_DW8_ACCW32_257      8000              saed32rvt_ss0p7vn40c
pe_DW8_ACCW32_258      8000              saed32rvt_ss0p7vn40c
pe_DW8_ACCW32_259      8000              saed32rvt_ss0p7vn40c
pe_DW8_ACCW32_260      8000              saed32rvt_ss0p7vn40c
pe_DW8_ACCW32_261      8000              saed32rvt_ss0p7vn40c
pe_DW8_ACCW32_262      8000              saed32rvt_ss0p7vn40c
pe_DW8_ACCW32_263      8000              saed32rvt_ss0p7vn40c
pe_DW8_ACCW32_264      8000              saed32rvt_ss0p7vn40c
pe_DW8_ACCW32_265      8000              saed32rvt_ss0p7vn40c
pe_DW8_ACCW32_266      8000              saed32rvt_ss0p7vn40c
pe_DW8_ACCW32_267      8000              saed32rvt_ss0p7vn40c
pe_DW8_ACCW32_268      8000              saed32rvt_ss0p7vn40c
pe_DW8_ACCW32_269      8000              saed32rvt_ss0p7vn40c
pe_DW8_ACCW32_270      8000              saed32rvt_ss0p7vn40c
pe_DW8_ACCW32_271      8000              saed32rvt_ss0p7vn40c
pe_DW8_ACCW32_272      8000              saed32rvt_ss0p7vn40c
pe_DW8_ACCW32_273      8000              saed32rvt_ss0p7vn40c
pe_DW8_ACCW32_274      8000              saed32rvt_ss0p7vn40c
pe_DW8_ACCW32_275      8000              saed32rvt_ss0p7vn40c
pe_DW8_ACCW32_276      8000              saed32rvt_ss0p7vn40c
pe_DW8_ACCW32_277      8000              saed32rvt_ss0p7vn40c
pe_DW8_ACCW32_278      8000              saed32rvt_ss0p7vn40c
pe_DW8_ACCW32_279      8000              saed32rvt_ss0p7vn40c
pe_DW8_ACCW32_280      8000              saed32rvt_ss0p7vn40c
pe_DW8_ACCW32_281      8000              saed32rvt_ss0p7vn40c
pe_DW8_ACCW32_282      8000              saed32rvt_ss0p7vn40c
pe_DW8_ACCW32_283      8000              saed32rvt_ss0p7vn40c
pe_DW8_ACCW32_284      8000              saed32rvt_ss0p7vn40c
pe_DW8_ACCW32_285      8000              saed32rvt_ss0p7vn40c
pe_DW8_ACCW32_286      8000              saed32rvt_ss0p7vn40c
pe_DW8_ACCW32_287      8000              saed32rvt_ss0p7vn40c
pe_DW8_ACCW32_289      8000              saed32rvt_ss0p7vn40c
pe_DW8_ACCW32_290      8000              saed32rvt_ss0p7vn40c
pe_DW8_ACCW32_291      8000              saed32rvt_ss0p7vn40c
pe_DW8_ACCW32_292      8000              saed32rvt_ss0p7vn40c
pe_DW8_ACCW32_293      8000              saed32rvt_ss0p7vn40c
pe_DW8_ACCW32_294      8000              saed32rvt_ss0p7vn40c
pe_DW8_ACCW32_295      8000              saed32rvt_ss0p7vn40c
pe_DW8_ACCW32_296      8000              saed32rvt_ss0p7vn40c
pe_DW8_ACCW32_297      8000              saed32rvt_ss0p7vn40c
pe_DW8_ACCW32_298      8000              saed32rvt_ss0p7vn40c
pe_DW8_ACCW32_299      8000              saed32rvt_ss0p7vn40c
pe_DW8_ACCW32_300      8000              saed32rvt_ss0p7vn40c
pe_DW8_ACCW32_301      8000              saed32rvt_ss0p7vn40c
pe_DW8_ACCW32_302      8000              saed32rvt_ss0p7vn40c
pe_DW8_ACCW32_303      8000              saed32rvt_ss0p7vn40c
pe_DW8_ACCW32_304      8000              saed32rvt_ss0p7vn40c
pe_DW8_ACCW32_305      8000              saed32rvt_ss0p7vn40c
pe_DW8_ACCW32_306      8000              saed32rvt_ss0p7vn40c
pe_DW8_ACCW32_307      8000              saed32rvt_ss0p7vn40c
pe_DW8_ACCW32_308      8000              saed32rvt_ss0p7vn40c
pe_DW8_ACCW32_309      8000              saed32rvt_ss0p7vn40c
pe_DW8_ACCW32_310      8000              saed32rvt_ss0p7vn40c
pe_DW8_ACCW32_311      8000              saed32rvt_ss0p7vn40c
pe_DW8_ACCW32_312      8000              saed32rvt_ss0p7vn40c
pe_DW8_ACCW32_313      8000              saed32rvt_ss0p7vn40c
pe_DW8_ACCW32_314      8000              saed32rvt_ss0p7vn40c
pe_DW8_ACCW32_315      8000              saed32rvt_ss0p7vn40c
pe_DW8_ACCW32_316      8000              saed32rvt_ss0p7vn40c
pe_DW8_ACCW32_317      8000              saed32rvt_ss0p7vn40c
pe_DW8_ACCW32_318      8000              saed32rvt_ss0p7vn40c
pe_DW8_ACCW32_319      8000              saed32rvt_ss0p7vn40c
pe_DW8_ACCW32_321      8000              saed32rvt_ss0p7vn40c
pe_DW8_ACCW32_322      8000              saed32rvt_ss0p7vn40c
pe_DW8_ACCW32_323      8000              saed32rvt_ss0p7vn40c
pe_DW8_ACCW32_324      8000              saed32rvt_ss0p7vn40c
pe_DW8_ACCW32_325      8000              saed32rvt_ss0p7vn40c
pe_DW8_ACCW32_326      8000              saed32rvt_ss0p7vn40c
pe_DW8_ACCW32_327      8000              saed32rvt_ss0p7vn40c
pe_DW8_ACCW32_328      8000              saed32rvt_ss0p7vn40c
pe_DW8_ACCW32_329      8000              saed32rvt_ss0p7vn40c
pe_DW8_ACCW32_330      8000              saed32rvt_ss0p7vn40c
pe_DW8_ACCW32_331      8000              saed32rvt_ss0p7vn40c
pe_DW8_ACCW32_332      8000              saed32rvt_ss0p7vn40c
pe_DW8_ACCW32_333      8000              saed32rvt_ss0p7vn40c
pe_DW8_ACCW32_334      8000              saed32rvt_ss0p7vn40c
pe_DW8_ACCW32_335      8000              saed32rvt_ss0p7vn40c
pe_DW8_ACCW32_336      8000              saed32rvt_ss0p7vn40c
pe_DW8_ACCW32_337      8000              saed32rvt_ss0p7vn40c
pe_DW8_ACCW32_338      8000              saed32rvt_ss0p7vn40c
pe_DW8_ACCW32_339      8000              saed32rvt_ss0p7vn40c
pe_DW8_ACCW32_340      8000              saed32rvt_ss0p7vn40c
pe_DW8_ACCW32_341      8000              saed32rvt_ss0p7vn40c
pe_DW8_ACCW32_342      8000              saed32rvt_ss0p7vn40c
pe_DW8_ACCW32_343      8000              saed32rvt_ss0p7vn40c
pe_DW8_ACCW32_344      8000              saed32rvt_ss0p7vn40c
pe_DW8_ACCW32_345      8000              saed32rvt_ss0p7vn40c
pe_DW8_ACCW32_346      8000              saed32rvt_ss0p7vn40c
pe_DW8_ACCW32_347      8000              saed32rvt_ss0p7vn40c
pe_DW8_ACCW32_348      8000              saed32rvt_ss0p7vn40c
pe_DW8_ACCW32_349      8000              saed32rvt_ss0p7vn40c
pe_DW8_ACCW32_350      8000              saed32rvt_ss0p7vn40c
pe_DW8_ACCW32_351      8000              saed32rvt_ss0p7vn40c
pe_DW8_ACCW32_353      8000              saed32rvt_ss0p7vn40c
pe_DW8_ACCW32_354      8000              saed32rvt_ss0p7vn40c
pe_DW8_ACCW32_355      8000              saed32rvt_ss0p7vn40c
pe_DW8_ACCW32_356      8000              saed32rvt_ss0p7vn40c
pe_DW8_ACCW32_357      8000              saed32rvt_ss0p7vn40c
pe_DW8_ACCW32_358      8000              saed32rvt_ss0p7vn40c
pe_DW8_ACCW32_359      8000              saed32rvt_ss0p7vn40c
pe_DW8_ACCW32_360      8000              saed32rvt_ss0p7vn40c
pe_DW8_ACCW32_361      8000              saed32rvt_ss0p7vn40c
pe_DW8_ACCW32_362      8000              saed32rvt_ss0p7vn40c
pe_DW8_ACCW32_363      8000              saed32rvt_ss0p7vn40c
pe_DW8_ACCW32_364      8000              saed32rvt_ss0p7vn40c
pe_DW8_ACCW32_365      8000              saed32rvt_ss0p7vn40c
pe_DW8_ACCW32_366      8000              saed32rvt_ss0p7vn40c
pe_DW8_ACCW32_367      8000              saed32rvt_ss0p7vn40c
pe_DW8_ACCW32_368      8000              saed32rvt_ss0p7vn40c
pe_DW8_ACCW32_369      8000              saed32rvt_ss0p7vn40c
pe_DW8_ACCW32_370      8000              saed32rvt_ss0p7vn40c
pe_DW8_ACCW32_371      8000              saed32rvt_ss0p7vn40c
pe_DW8_ACCW32_372      8000              saed32rvt_ss0p7vn40c
pe_DW8_ACCW32_373      8000              saed32rvt_ss0p7vn40c
pe_DW8_ACCW32_374      8000              saed32rvt_ss0p7vn40c
pe_DW8_ACCW32_375      8000              saed32rvt_ss0p7vn40c
pe_DW8_ACCW32_376      8000              saed32rvt_ss0p7vn40c
pe_DW8_ACCW32_377      8000              saed32rvt_ss0p7vn40c
pe_DW8_ACCW32_378      8000              saed32rvt_ss0p7vn40c
pe_DW8_ACCW32_379      8000              saed32rvt_ss0p7vn40c
pe_DW8_ACCW32_380      8000              saed32rvt_ss0p7vn40c
pe_DW8_ACCW32_381      8000              saed32rvt_ss0p7vn40c
pe_DW8_ACCW32_382      8000              saed32rvt_ss0p7vn40c
pe_DW8_ACCW32_383      8000              saed32rvt_ss0p7vn40c
pe_DW8_ACCW32_385      8000              saed32rvt_ss0p7vn40c
pe_DW8_ACCW32_386      8000              saed32rvt_ss0p7vn40c
pe_DW8_ACCW32_387      8000              saed32rvt_ss0p7vn40c
pe_DW8_ACCW32_388      8000              saed32rvt_ss0p7vn40c
pe_DW8_ACCW32_389      8000              saed32rvt_ss0p7vn40c
pe_DW8_ACCW32_390      8000              saed32rvt_ss0p7vn40c
pe_DW8_ACCW32_391      8000              saed32rvt_ss0p7vn40c
pe_DW8_ACCW32_392      8000              saed32rvt_ss0p7vn40c
pe_DW8_ACCW32_393      8000              saed32rvt_ss0p7vn40c
pe_DW8_ACCW32_394      8000              saed32rvt_ss0p7vn40c
pe_DW8_ACCW32_395      8000              saed32rvt_ss0p7vn40c
pe_DW8_ACCW32_396      8000              saed32rvt_ss0p7vn40c
pe_DW8_ACCW32_397      8000              saed32rvt_ss0p7vn40c
pe_DW8_ACCW32_398      8000              saed32rvt_ss0p7vn40c
pe_DW8_ACCW32_399      8000              saed32rvt_ss0p7vn40c
pe_DW8_ACCW32_400      8000              saed32rvt_ss0p7vn40c
pe_DW8_ACCW32_401      8000              saed32rvt_ss0p7vn40c
pe_DW8_ACCW32_402      8000              saed32rvt_ss0p7vn40c
pe_DW8_ACCW32_403      8000              saed32rvt_ss0p7vn40c
pe_DW8_ACCW32_404      8000              saed32rvt_ss0p7vn40c
pe_DW8_ACCW32_405      8000              saed32rvt_ss0p7vn40c
pe_DW8_ACCW32_406      8000              saed32rvt_ss0p7vn40c
pe_DW8_ACCW32_407      8000              saed32rvt_ss0p7vn40c
pe_DW8_ACCW32_408      8000              saed32rvt_ss0p7vn40c
pe_DW8_ACCW32_409      8000              saed32rvt_ss0p7vn40c
pe_DW8_ACCW32_410      8000              saed32rvt_ss0p7vn40c
pe_DW8_ACCW32_411      8000              saed32rvt_ss0p7vn40c
pe_DW8_ACCW32_412      8000              saed32rvt_ss0p7vn40c
pe_DW8_ACCW32_413      8000              saed32rvt_ss0p7vn40c
pe_DW8_ACCW32_414      8000              saed32rvt_ss0p7vn40c
pe_DW8_ACCW32_415      8000              saed32rvt_ss0p7vn40c
pe_DW8_ACCW32_417      8000              saed32rvt_ss0p7vn40c
pe_DW8_ACCW32_418      8000              saed32rvt_ss0p7vn40c
pe_DW8_ACCW32_419      8000              saed32rvt_ss0p7vn40c
pe_DW8_ACCW32_420      8000              saed32rvt_ss0p7vn40c
pe_DW8_ACCW32_421      8000              saed32rvt_ss0p7vn40c
pe_DW8_ACCW32_422      8000              saed32rvt_ss0p7vn40c
pe_DW8_ACCW32_423      8000              saed32rvt_ss0p7vn40c
pe_DW8_ACCW32_424      8000              saed32rvt_ss0p7vn40c
pe_DW8_ACCW32_425      8000              saed32rvt_ss0p7vn40c
pe_DW8_ACCW32_426      8000              saed32rvt_ss0p7vn40c
pe_DW8_ACCW32_427      8000              saed32rvt_ss0p7vn40c
pe_DW8_ACCW32_428      8000              saed32rvt_ss0p7vn40c
pe_DW8_ACCW32_429      8000              saed32rvt_ss0p7vn40c
pe_DW8_ACCW32_430      8000              saed32rvt_ss0p7vn40c
pe_DW8_ACCW32_431      8000              saed32rvt_ss0p7vn40c
pe_DW8_ACCW32_432      8000              saed32rvt_ss0p7vn40c
pe_DW8_ACCW32_433      8000              saed32rvt_ss0p7vn40c
pe_DW8_ACCW32_434      8000              saed32rvt_ss0p7vn40c
pe_DW8_ACCW32_435      8000              saed32rvt_ss0p7vn40c
pe_DW8_ACCW32_436      8000              saed32rvt_ss0p7vn40c
pe_DW8_ACCW32_437      8000              saed32rvt_ss0p7vn40c
pe_DW8_ACCW32_438      8000              saed32rvt_ss0p7vn40c
pe_DW8_ACCW32_439      8000              saed32rvt_ss0p7vn40c
pe_DW8_ACCW32_440      8000              saed32rvt_ss0p7vn40c
pe_DW8_ACCW32_441      8000              saed32rvt_ss0p7vn40c
pe_DW8_ACCW32_442      8000              saed32rvt_ss0p7vn40c
pe_DW8_ACCW32_443      8000              saed32rvt_ss0p7vn40c
pe_DW8_ACCW32_444      8000              saed32rvt_ss0p7vn40c
pe_DW8_ACCW32_445      8000              saed32rvt_ss0p7vn40c
pe_DW8_ACCW32_446      8000              saed32rvt_ss0p7vn40c
pe_DW8_ACCW32_447      8000              saed32rvt_ss0p7vn40c
pe_DW8_ACCW32_449      8000              saed32rvt_ss0p7vn40c
pe_DW8_ACCW32_450      8000              saed32rvt_ss0p7vn40c
pe_DW8_ACCW32_451      8000              saed32rvt_ss0p7vn40c
pe_DW8_ACCW32_452      8000              saed32rvt_ss0p7vn40c
pe_DW8_ACCW32_453      8000              saed32rvt_ss0p7vn40c
pe_DW8_ACCW32_454      8000              saed32rvt_ss0p7vn40c
pe_DW8_ACCW32_455      8000              saed32rvt_ss0p7vn40c
pe_DW8_ACCW32_456      8000              saed32rvt_ss0p7vn40c
pe_DW8_ACCW32_457      8000              saed32rvt_ss0p7vn40c
pe_DW8_ACCW32_458      8000              saed32rvt_ss0p7vn40c
pe_DW8_ACCW32_459      8000              saed32rvt_ss0p7vn40c
pe_DW8_ACCW32_460      8000              saed32rvt_ss0p7vn40c
pe_DW8_ACCW32_461      8000              saed32rvt_ss0p7vn40c
pe_DW8_ACCW32_462      8000              saed32rvt_ss0p7vn40c
pe_DW8_ACCW32_463      8000              saed32rvt_ss0p7vn40c
pe_DW8_ACCW32_464      8000              saed32rvt_ss0p7vn40c
pe_DW8_ACCW32_465      8000              saed32rvt_ss0p7vn40c
pe_DW8_ACCW32_466      8000              saed32rvt_ss0p7vn40c
pe_DW8_ACCW32_467      8000              saed32rvt_ss0p7vn40c
pe_DW8_ACCW32_468      8000              saed32rvt_ss0p7vn40c
pe_DW8_ACCW32_469      8000              saed32rvt_ss0p7vn40c
pe_DW8_ACCW32_470      8000              saed32rvt_ss0p7vn40c
pe_DW8_ACCW32_471      8000              saed32rvt_ss0p7vn40c
pe_DW8_ACCW32_472      8000              saed32rvt_ss0p7vn40c
pe_DW8_ACCW32_473      8000              saed32rvt_ss0p7vn40c
pe_DW8_ACCW32_474      8000              saed32rvt_ss0p7vn40c
pe_DW8_ACCW32_475      8000              saed32rvt_ss0p7vn40c
pe_DW8_ACCW32_476      8000              saed32rvt_ss0p7vn40c
pe_DW8_ACCW32_477      8000              saed32rvt_ss0p7vn40c
pe_DW8_ACCW32_478      8000              saed32rvt_ss0p7vn40c
pe_DW8_ACCW32_479      8000              saed32rvt_ss0p7vn40c
pe_DW8_ACCW32_481      8000              saed32rvt_ss0p7vn40c
pe_DW8_ACCW32_482      8000              saed32rvt_ss0p7vn40c
pe_DW8_ACCW32_483      8000              saed32rvt_ss0p7vn40c
pe_DW8_ACCW32_484      8000              saed32rvt_ss0p7vn40c
pe_DW8_ACCW32_485      8000              saed32rvt_ss0p7vn40c
pe_DW8_ACCW32_486      8000              saed32rvt_ss0p7vn40c
pe_DW8_ACCW32_487      8000              saed32rvt_ss0p7vn40c
pe_DW8_ACCW32_488      8000              saed32rvt_ss0p7vn40c
pe_DW8_ACCW32_489      8000              saed32rvt_ss0p7vn40c
pe_DW8_ACCW32_490      8000              saed32rvt_ss0p7vn40c
pe_DW8_ACCW32_491      8000              saed32rvt_ss0p7vn40c
pe_DW8_ACCW32_492      8000              saed32rvt_ss0p7vn40c
pe_DW8_ACCW32_493      8000              saed32rvt_ss0p7vn40c
pe_DW8_ACCW32_494      8000              saed32rvt_ss0p7vn40c
pe_DW8_ACCW32_495      8000              saed32rvt_ss0p7vn40c
pe_DW8_ACCW32_496      8000              saed32rvt_ss0p7vn40c
pe_DW8_ACCW32_497      8000              saed32rvt_ss0p7vn40c
pe_DW8_ACCW32_498      8000              saed32rvt_ss0p7vn40c
pe_DW8_ACCW32_499      8000              saed32rvt_ss0p7vn40c
pe_DW8_ACCW32_500      8000              saed32rvt_ss0p7vn40c
pe_DW8_ACCW32_501      8000              saed32rvt_ss0p7vn40c
pe_DW8_ACCW32_502      8000              saed32rvt_ss0p7vn40c
pe_DW8_ACCW32_503      8000              saed32rvt_ss0p7vn40c
pe_DW8_ACCW32_504      8000              saed32rvt_ss0p7vn40c
pe_DW8_ACCW32_505      8000              saed32rvt_ss0p7vn40c
pe_DW8_ACCW32_506      8000              saed32rvt_ss0p7vn40c
pe_DW8_ACCW32_507      8000              saed32rvt_ss0p7vn40c
pe_DW8_ACCW32_508      8000              saed32rvt_ss0p7vn40c
pe_DW8_ACCW32_509      8000              saed32rvt_ss0p7vn40c
pe_DW8_ACCW32_510      8000              saed32rvt_ss0p7vn40c
pe_DW8_ACCW32_511      8000              saed32rvt_ss0p7vn40c
pe_DW8_ACCW32_513      8000              saed32rvt_ss0p7vn40c
pe_DW8_ACCW32_514      8000              saed32rvt_ss0p7vn40c
pe_DW8_ACCW32_515      8000              saed32rvt_ss0p7vn40c
pe_DW8_ACCW32_516      8000              saed32rvt_ss0p7vn40c
pe_DW8_ACCW32_517      8000              saed32rvt_ss0p7vn40c
pe_DW8_ACCW32_518      8000              saed32rvt_ss0p7vn40c
pe_DW8_ACCW32_519      8000              saed32rvt_ss0p7vn40c
pe_DW8_ACCW32_520      8000              saed32rvt_ss0p7vn40c
pe_DW8_ACCW32_521      8000              saed32rvt_ss0p7vn40c
pe_DW8_ACCW32_522      8000              saed32rvt_ss0p7vn40c
pe_DW8_ACCW32_523      8000              saed32rvt_ss0p7vn40c
pe_DW8_ACCW32_524      8000              saed32rvt_ss0p7vn40c
pe_DW8_ACCW32_525      8000              saed32rvt_ss0p7vn40c
pe_DW8_ACCW32_526      8000              saed32rvt_ss0p7vn40c
pe_DW8_ACCW32_527      8000              saed32rvt_ss0p7vn40c
pe_DW8_ACCW32_528      8000              saed32rvt_ss0p7vn40c
pe_DW8_ACCW32_529      8000              saed32rvt_ss0p7vn40c
pe_DW8_ACCW32_530      8000              saed32rvt_ss0p7vn40c
pe_DW8_ACCW32_531      8000              saed32rvt_ss0p7vn40c
pe_DW8_ACCW32_532      8000              saed32rvt_ss0p7vn40c
pe_DW8_ACCW32_533      8000              saed32rvt_ss0p7vn40c
pe_DW8_ACCW32_534      8000              saed32rvt_ss0p7vn40c
pe_DW8_ACCW32_535      8000              saed32rvt_ss0p7vn40c
pe_DW8_ACCW32_536      8000              saed32rvt_ss0p7vn40c
pe_DW8_ACCW32_537      8000              saed32rvt_ss0p7vn40c
pe_DW8_ACCW32_538      8000              saed32rvt_ss0p7vn40c
pe_DW8_ACCW32_539      8000              saed32rvt_ss0p7vn40c
pe_DW8_ACCW32_540      8000              saed32rvt_ss0p7vn40c
pe_DW8_ACCW32_541      8000              saed32rvt_ss0p7vn40c
pe_DW8_ACCW32_542      8000              saed32rvt_ss0p7vn40c
pe_DW8_ACCW32_543      8000              saed32rvt_ss0p7vn40c
pe_DW8_ACCW32_545      8000              saed32rvt_ss0p7vn40c
pe_DW8_ACCW32_546      8000              saed32rvt_ss0p7vn40c
pe_DW8_ACCW32_547      8000              saed32rvt_ss0p7vn40c
pe_DW8_ACCW32_548      8000              saed32rvt_ss0p7vn40c
pe_DW8_ACCW32_549      8000              saed32rvt_ss0p7vn40c
pe_DW8_ACCW32_550      8000              saed32rvt_ss0p7vn40c
pe_DW8_ACCW32_551      8000              saed32rvt_ss0p7vn40c
pe_DW8_ACCW32_552      8000              saed32rvt_ss0p7vn40c
pe_DW8_ACCW32_553      8000              saed32rvt_ss0p7vn40c
pe_DW8_ACCW32_554      8000              saed32rvt_ss0p7vn40c
pe_DW8_ACCW32_555      8000              saed32rvt_ss0p7vn40c
pe_DW8_ACCW32_556      8000              saed32rvt_ss0p7vn40c
pe_DW8_ACCW32_557      8000              saed32rvt_ss0p7vn40c
pe_DW8_ACCW32_558      8000              saed32rvt_ss0p7vn40c
pe_DW8_ACCW32_559      8000              saed32rvt_ss0p7vn40c
pe_DW8_ACCW32_560      8000              saed32rvt_ss0p7vn40c
pe_DW8_ACCW32_561      8000              saed32rvt_ss0p7vn40c
pe_DW8_ACCW32_562      8000              saed32rvt_ss0p7vn40c
pe_DW8_ACCW32_563      8000              saed32rvt_ss0p7vn40c
pe_DW8_ACCW32_564      8000              saed32rvt_ss0p7vn40c
pe_DW8_ACCW32_565      8000              saed32rvt_ss0p7vn40c
pe_DW8_ACCW32_566      8000              saed32rvt_ss0p7vn40c
pe_DW8_ACCW32_567      8000              saed32rvt_ss0p7vn40c
pe_DW8_ACCW32_568      8000              saed32rvt_ss0p7vn40c
pe_DW8_ACCW32_569      8000              saed32rvt_ss0p7vn40c
pe_DW8_ACCW32_570      8000              saed32rvt_ss0p7vn40c
pe_DW8_ACCW32_571      8000              saed32rvt_ss0p7vn40c
pe_DW8_ACCW32_572      8000              saed32rvt_ss0p7vn40c
pe_DW8_ACCW32_573      8000              saed32rvt_ss0p7vn40c
pe_DW8_ACCW32_574      8000              saed32rvt_ss0p7vn40c
pe_DW8_ACCW32_575      8000              saed32rvt_ss0p7vn40c
pe_DW8_ACCW32_577      8000              saed32rvt_ss0p7vn40c
pe_DW8_ACCW32_578      8000              saed32rvt_ss0p7vn40c
pe_DW8_ACCW32_579      8000              saed32rvt_ss0p7vn40c
pe_DW8_ACCW32_580      8000              saed32rvt_ss0p7vn40c
pe_DW8_ACCW32_581      8000              saed32rvt_ss0p7vn40c
pe_DW8_ACCW32_582      8000              saed32rvt_ss0p7vn40c
pe_DW8_ACCW32_583      8000              saed32rvt_ss0p7vn40c
pe_DW8_ACCW32_584      8000              saed32rvt_ss0p7vn40c
pe_DW8_ACCW32_585      8000              saed32rvt_ss0p7vn40c
pe_DW8_ACCW32_586      8000              saed32rvt_ss0p7vn40c
pe_DW8_ACCW32_587      8000              saed32rvt_ss0p7vn40c
pe_DW8_ACCW32_588      8000              saed32rvt_ss0p7vn40c
pe_DW8_ACCW32_589      8000              saed32rvt_ss0p7vn40c
pe_DW8_ACCW32_590      8000              saed32rvt_ss0p7vn40c
pe_DW8_ACCW32_591      8000              saed32rvt_ss0p7vn40c
pe_DW8_ACCW32_592      8000              saed32rvt_ss0p7vn40c
pe_DW8_ACCW32_593      8000              saed32rvt_ss0p7vn40c
pe_DW8_ACCW32_594      8000              saed32rvt_ss0p7vn40c
pe_DW8_ACCW32_595      8000              saed32rvt_ss0p7vn40c
pe_DW8_ACCW32_596      8000              saed32rvt_ss0p7vn40c
pe_DW8_ACCW32_597      8000              saed32rvt_ss0p7vn40c
pe_DW8_ACCW32_598      8000              saed32rvt_ss0p7vn40c
pe_DW8_ACCW32_599      8000              saed32rvt_ss0p7vn40c
pe_DW8_ACCW32_600      8000              saed32rvt_ss0p7vn40c
pe_DW8_ACCW32_601      8000              saed32rvt_ss0p7vn40c
pe_DW8_ACCW32_602      8000              saed32rvt_ss0p7vn40c
pe_DW8_ACCW32_603      8000              saed32rvt_ss0p7vn40c
pe_DW8_ACCW32_604      8000              saed32rvt_ss0p7vn40c
pe_DW8_ACCW32_605      8000              saed32rvt_ss0p7vn40c
pe_DW8_ACCW32_606      8000              saed32rvt_ss0p7vn40c
pe_DW8_ACCW32_607      8000              saed32rvt_ss0p7vn40c
pe_DW8_ACCW32_609      8000              saed32rvt_ss0p7vn40c
pe_DW8_ACCW32_610      8000              saed32rvt_ss0p7vn40c
pe_DW8_ACCW32_611      8000              saed32rvt_ss0p7vn40c
pe_DW8_ACCW32_612      8000              saed32rvt_ss0p7vn40c
pe_DW8_ACCW32_613      8000              saed32rvt_ss0p7vn40c
pe_DW8_ACCW32_614      8000              saed32rvt_ss0p7vn40c
pe_DW8_ACCW32_615      8000              saed32rvt_ss0p7vn40c
pe_DW8_ACCW32_616      8000              saed32rvt_ss0p7vn40c
pe_DW8_ACCW32_617      8000              saed32rvt_ss0p7vn40c
pe_DW8_ACCW32_618      8000              saed32rvt_ss0p7vn40c
pe_DW8_ACCW32_619      8000              saed32rvt_ss0p7vn40c
pe_DW8_ACCW32_620      8000              saed32rvt_ss0p7vn40c
pe_DW8_ACCW32_621      8000              saed32rvt_ss0p7vn40c
pe_DW8_ACCW32_622      8000              saed32rvt_ss0p7vn40c
pe_DW8_ACCW32_623      8000              saed32rvt_ss0p7vn40c
pe_DW8_ACCW32_624      8000              saed32rvt_ss0p7vn40c
pe_DW8_ACCW32_625      8000              saed32rvt_ss0p7vn40c
pe_DW8_ACCW32_626      8000              saed32rvt_ss0p7vn40c
pe_DW8_ACCW32_627      8000              saed32rvt_ss0p7vn40c
pe_DW8_ACCW32_628      8000              saed32rvt_ss0p7vn40c
pe_DW8_ACCW32_629      8000              saed32rvt_ss0p7vn40c
pe_DW8_ACCW32_630      8000              saed32rvt_ss0p7vn40c
pe_DW8_ACCW32_631      8000              saed32rvt_ss0p7vn40c
pe_DW8_ACCW32_632      8000              saed32rvt_ss0p7vn40c
pe_DW8_ACCW32_633      8000              saed32rvt_ss0p7vn40c
pe_DW8_ACCW32_634      8000              saed32rvt_ss0p7vn40c
pe_DW8_ACCW32_635      8000              saed32rvt_ss0p7vn40c
pe_DW8_ACCW32_636      8000              saed32rvt_ss0p7vn40c
pe_DW8_ACCW32_637      8000              saed32rvt_ss0p7vn40c
pe_DW8_ACCW32_638      8000              saed32rvt_ss0p7vn40c
pe_DW8_ACCW32_639      8000              saed32rvt_ss0p7vn40c
pe_DW8_ACCW32_641      8000              saed32rvt_ss0p7vn40c
pe_DW8_ACCW32_642      8000              saed32rvt_ss0p7vn40c
pe_DW8_ACCW32_643      8000              saed32rvt_ss0p7vn40c
pe_DW8_ACCW32_644      8000              saed32rvt_ss0p7vn40c
pe_DW8_ACCW32_645      8000              saed32rvt_ss0p7vn40c
pe_DW8_ACCW32_646      8000              saed32rvt_ss0p7vn40c
pe_DW8_ACCW32_647      8000              saed32rvt_ss0p7vn40c
pe_DW8_ACCW32_648      8000              saed32rvt_ss0p7vn40c
pe_DW8_ACCW32_649      8000              saed32rvt_ss0p7vn40c
pe_DW8_ACCW32_650      8000              saed32rvt_ss0p7vn40c
pe_DW8_ACCW32_651      8000              saed32rvt_ss0p7vn40c
pe_DW8_ACCW32_652      8000              saed32rvt_ss0p7vn40c
pe_DW8_ACCW32_653      8000              saed32rvt_ss0p7vn40c
pe_DW8_ACCW32_654      8000              saed32rvt_ss0p7vn40c
pe_DW8_ACCW32_655      8000              saed32rvt_ss0p7vn40c
pe_DW8_ACCW32_656      8000              saed32rvt_ss0p7vn40c
pe_DW8_ACCW32_657      8000              saed32rvt_ss0p7vn40c
pe_DW8_ACCW32_658      8000              saed32rvt_ss0p7vn40c
pe_DW8_ACCW32_659      8000              saed32rvt_ss0p7vn40c
pe_DW8_ACCW32_660      8000              saed32rvt_ss0p7vn40c
pe_DW8_ACCW32_661      8000              saed32rvt_ss0p7vn40c
pe_DW8_ACCW32_662      8000              saed32rvt_ss0p7vn40c
pe_DW8_ACCW32_663      8000              saed32rvt_ss0p7vn40c
pe_DW8_ACCW32_664      8000              saed32rvt_ss0p7vn40c
pe_DW8_ACCW32_665      8000              saed32rvt_ss0p7vn40c
pe_DW8_ACCW32_666      8000              saed32rvt_ss0p7vn40c
pe_DW8_ACCW32_667      8000              saed32rvt_ss0p7vn40c
pe_DW8_ACCW32_668      8000              saed32rvt_ss0p7vn40c
pe_DW8_ACCW32_669      8000              saed32rvt_ss0p7vn40c
pe_DW8_ACCW32_670      8000              saed32rvt_ss0p7vn40c
pe_DW8_ACCW32_671      8000              saed32rvt_ss0p7vn40c
pe_DW8_ACCW32_673      8000              saed32rvt_ss0p7vn40c
pe_DW8_ACCW32_674      8000              saed32rvt_ss0p7vn40c
pe_DW8_ACCW32_675      8000              saed32rvt_ss0p7vn40c
pe_DW8_ACCW32_676      8000              saed32rvt_ss0p7vn40c
pe_DW8_ACCW32_677      8000              saed32rvt_ss0p7vn40c
pe_DW8_ACCW32_678      8000              saed32rvt_ss0p7vn40c
pe_DW8_ACCW32_679      8000              saed32rvt_ss0p7vn40c
pe_DW8_ACCW32_680      8000              saed32rvt_ss0p7vn40c
pe_DW8_ACCW32_681      8000              saed32rvt_ss0p7vn40c
pe_DW8_ACCW32_682      8000              saed32rvt_ss0p7vn40c
pe_DW8_ACCW32_683      8000              saed32rvt_ss0p7vn40c
pe_DW8_ACCW32_684      8000              saed32rvt_ss0p7vn40c
pe_DW8_ACCW32_685      8000              saed32rvt_ss0p7vn40c
pe_DW8_ACCW32_686      8000              saed32rvt_ss0p7vn40c
pe_DW8_ACCW32_687      8000              saed32rvt_ss0p7vn40c
pe_DW8_ACCW32_688      8000              saed32rvt_ss0p7vn40c
pe_DW8_ACCW32_689      8000              saed32rvt_ss0p7vn40c
pe_DW8_ACCW32_690      8000              saed32rvt_ss0p7vn40c
pe_DW8_ACCW32_691      8000              saed32rvt_ss0p7vn40c
pe_DW8_ACCW32_692      8000              saed32rvt_ss0p7vn40c
pe_DW8_ACCW32_693      8000              saed32rvt_ss0p7vn40c
pe_DW8_ACCW32_694      8000              saed32rvt_ss0p7vn40c
pe_DW8_ACCW32_695      8000              saed32rvt_ss0p7vn40c
pe_DW8_ACCW32_696      8000              saed32rvt_ss0p7vn40c
pe_DW8_ACCW32_697      8000              saed32rvt_ss0p7vn40c
pe_DW8_ACCW32_698      8000              saed32rvt_ss0p7vn40c
pe_DW8_ACCW32_699      8000              saed32rvt_ss0p7vn40c
pe_DW8_ACCW32_700      8000              saed32rvt_ss0p7vn40c
pe_DW8_ACCW32_701      8000              saed32rvt_ss0p7vn40c
pe_DW8_ACCW32_702      8000              saed32rvt_ss0p7vn40c
pe_DW8_ACCW32_703      8000              saed32rvt_ss0p7vn40c
pe_DW8_ACCW32_705      8000              saed32rvt_ss0p7vn40c
pe_DW8_ACCW32_706      8000              saed32rvt_ss0p7vn40c
pe_DW8_ACCW32_707      8000              saed32rvt_ss0p7vn40c
pe_DW8_ACCW32_708      8000              saed32rvt_ss0p7vn40c
pe_DW8_ACCW32_709      8000              saed32rvt_ss0p7vn40c
pe_DW8_ACCW32_710      8000              saed32rvt_ss0p7vn40c
pe_DW8_ACCW32_711      8000              saed32rvt_ss0p7vn40c
pe_DW8_ACCW32_712      8000              saed32rvt_ss0p7vn40c
pe_DW8_ACCW32_713      8000              saed32rvt_ss0p7vn40c
pe_DW8_ACCW32_714      8000              saed32rvt_ss0p7vn40c
pe_DW8_ACCW32_715      8000              saed32rvt_ss0p7vn40c
pe_DW8_ACCW32_716      8000              saed32rvt_ss0p7vn40c
pe_DW8_ACCW32_717      8000              saed32rvt_ss0p7vn40c
pe_DW8_ACCW32_718      8000              saed32rvt_ss0p7vn40c
pe_DW8_ACCW32_719      8000              saed32rvt_ss0p7vn40c
pe_DW8_ACCW32_720      8000              saed32rvt_ss0p7vn40c
pe_DW8_ACCW32_721      8000              saed32rvt_ss0p7vn40c
pe_DW8_ACCW32_722      8000              saed32rvt_ss0p7vn40c
pe_DW8_ACCW32_723      8000              saed32rvt_ss0p7vn40c
pe_DW8_ACCW32_724      8000              saed32rvt_ss0p7vn40c
pe_DW8_ACCW32_725      8000              saed32rvt_ss0p7vn40c
pe_DW8_ACCW32_726      8000              saed32rvt_ss0p7vn40c
pe_DW8_ACCW32_727      8000              saed32rvt_ss0p7vn40c
pe_DW8_ACCW32_728      8000              saed32rvt_ss0p7vn40c
pe_DW8_ACCW32_729      8000              saed32rvt_ss0p7vn40c
pe_DW8_ACCW32_730      8000              saed32rvt_ss0p7vn40c
pe_DW8_ACCW32_731      8000              saed32rvt_ss0p7vn40c
pe_DW8_ACCW32_732      8000              saed32rvt_ss0p7vn40c
pe_DW8_ACCW32_733      8000              saed32rvt_ss0p7vn40c
pe_DW8_ACCW32_734      8000              saed32rvt_ss0p7vn40c
pe_DW8_ACCW32_735      8000              saed32rvt_ss0p7vn40c
pe_DW8_ACCW32_737      8000              saed32rvt_ss0p7vn40c
pe_DW8_ACCW32_738      8000              saed32rvt_ss0p7vn40c
pe_DW8_ACCW32_739      8000              saed32rvt_ss0p7vn40c
pe_DW8_ACCW32_740      8000              saed32rvt_ss0p7vn40c
pe_DW8_ACCW32_741      8000              saed32rvt_ss0p7vn40c
pe_DW8_ACCW32_742      8000              saed32rvt_ss0p7vn40c
pe_DW8_ACCW32_743      8000              saed32rvt_ss0p7vn40c
pe_DW8_ACCW32_744      8000              saed32rvt_ss0p7vn40c
pe_DW8_ACCW32_745      8000              saed32rvt_ss0p7vn40c
pe_DW8_ACCW32_746      8000              saed32rvt_ss0p7vn40c
pe_DW8_ACCW32_747      8000              saed32rvt_ss0p7vn40c
pe_DW8_ACCW32_748      8000              saed32rvt_ss0p7vn40c
pe_DW8_ACCW32_749      8000              saed32rvt_ss0p7vn40c
pe_DW8_ACCW32_750      8000              saed32rvt_ss0p7vn40c
pe_DW8_ACCW32_751      8000              saed32rvt_ss0p7vn40c
pe_DW8_ACCW32_752      8000              saed32rvt_ss0p7vn40c
pe_DW8_ACCW32_753      8000              saed32rvt_ss0p7vn40c
pe_DW8_ACCW32_754      8000              saed32rvt_ss0p7vn40c
pe_DW8_ACCW32_755      8000              saed32rvt_ss0p7vn40c
pe_DW8_ACCW32_756      8000              saed32rvt_ss0p7vn40c
pe_DW8_ACCW32_757      8000              saed32rvt_ss0p7vn40c
pe_DW8_ACCW32_758      8000              saed32rvt_ss0p7vn40c
pe_DW8_ACCW32_759      8000              saed32rvt_ss0p7vn40c
pe_DW8_ACCW32_760      8000              saed32rvt_ss0p7vn40c
pe_DW8_ACCW32_761      8000              saed32rvt_ss0p7vn40c
pe_DW8_ACCW32_762      8000              saed32rvt_ss0p7vn40c
pe_DW8_ACCW32_763      8000              saed32rvt_ss0p7vn40c
pe_DW8_ACCW32_764      8000              saed32rvt_ss0p7vn40c
pe_DW8_ACCW32_765      8000              saed32rvt_ss0p7vn40c
pe_DW8_ACCW32_766      8000              saed32rvt_ss0p7vn40c
pe_DW8_ACCW32_767      8000              saed32rvt_ss0p7vn40c
pe_DW8_ACCW32_769      8000              saed32rvt_ss0p7vn40c
pe_DW8_ACCW32_770      8000              saed32rvt_ss0p7vn40c
pe_DW8_ACCW32_771      8000              saed32rvt_ss0p7vn40c
pe_DW8_ACCW32_772      8000              saed32rvt_ss0p7vn40c
pe_DW8_ACCW32_773      8000              saed32rvt_ss0p7vn40c
pe_DW8_ACCW32_774      8000              saed32rvt_ss0p7vn40c
pe_DW8_ACCW32_775      8000              saed32rvt_ss0p7vn40c
pe_DW8_ACCW32_776      8000              saed32rvt_ss0p7vn40c
pe_DW8_ACCW32_777      8000              saed32rvt_ss0p7vn40c
pe_DW8_ACCW32_778      8000              saed32rvt_ss0p7vn40c
pe_DW8_ACCW32_779      8000              saed32rvt_ss0p7vn40c
pe_DW8_ACCW32_780      8000              saed32rvt_ss0p7vn40c
pe_DW8_ACCW32_781      8000              saed32rvt_ss0p7vn40c
pe_DW8_ACCW32_782      8000              saed32rvt_ss0p7vn40c
pe_DW8_ACCW32_783      8000              saed32rvt_ss0p7vn40c
pe_DW8_ACCW32_784      8000              saed32rvt_ss0p7vn40c
pe_DW8_ACCW32_785      8000              saed32rvt_ss0p7vn40c
pe_DW8_ACCW32_786      8000              saed32rvt_ss0p7vn40c
pe_DW8_ACCW32_787      8000              saed32rvt_ss0p7vn40c
pe_DW8_ACCW32_788      8000              saed32rvt_ss0p7vn40c
pe_DW8_ACCW32_789      8000              saed32rvt_ss0p7vn40c
pe_DW8_ACCW32_790      8000              saed32rvt_ss0p7vn40c
pe_DW8_ACCW32_791      8000              saed32rvt_ss0p7vn40c
pe_DW8_ACCW32_792      8000              saed32rvt_ss0p7vn40c
pe_DW8_ACCW32_793      8000              saed32rvt_ss0p7vn40c
pe_DW8_ACCW32_794      8000              saed32rvt_ss0p7vn40c
pe_DW8_ACCW32_795      8000              saed32rvt_ss0p7vn40c
pe_DW8_ACCW32_796      8000              saed32rvt_ss0p7vn40c
pe_DW8_ACCW32_797      8000              saed32rvt_ss0p7vn40c
pe_DW8_ACCW32_798      8000              saed32rvt_ss0p7vn40c
pe_DW8_ACCW32_799      8000              saed32rvt_ss0p7vn40c
pe_DW8_ACCW32_801      8000              saed32rvt_ss0p7vn40c
pe_DW8_ACCW32_802      8000              saed32rvt_ss0p7vn40c
pe_DW8_ACCW32_803      8000              saed32rvt_ss0p7vn40c
pe_DW8_ACCW32_804      8000              saed32rvt_ss0p7vn40c
pe_DW8_ACCW32_805      8000              saed32rvt_ss0p7vn40c
pe_DW8_ACCW32_806      8000              saed32rvt_ss0p7vn40c
pe_DW8_ACCW32_807      8000              saed32rvt_ss0p7vn40c
pe_DW8_ACCW32_808      8000              saed32rvt_ss0p7vn40c
pe_DW8_ACCW32_809      8000              saed32rvt_ss0p7vn40c
pe_DW8_ACCW32_810      8000              saed32rvt_ss0p7vn40c
pe_DW8_ACCW32_811      8000              saed32rvt_ss0p7vn40c
pe_DW8_ACCW32_812      8000              saed32rvt_ss0p7vn40c
pe_DW8_ACCW32_813      8000              saed32rvt_ss0p7vn40c
pe_DW8_ACCW32_814      8000              saed32rvt_ss0p7vn40c
pe_DW8_ACCW32_815      8000              saed32rvt_ss0p7vn40c
pe_DW8_ACCW32_816      8000              saed32rvt_ss0p7vn40c
pe_DW8_ACCW32_817      8000              saed32rvt_ss0p7vn40c
pe_DW8_ACCW32_818      8000              saed32rvt_ss0p7vn40c
pe_DW8_ACCW32_819      8000              saed32rvt_ss0p7vn40c
pe_DW8_ACCW32_820      8000              saed32rvt_ss0p7vn40c
pe_DW8_ACCW32_821      8000              saed32rvt_ss0p7vn40c
pe_DW8_ACCW32_822      8000              saed32rvt_ss0p7vn40c
pe_DW8_ACCW32_823      8000              saed32rvt_ss0p7vn40c
pe_DW8_ACCW32_824      8000              saed32rvt_ss0p7vn40c
pe_DW8_ACCW32_825      8000              saed32rvt_ss0p7vn40c
pe_DW8_ACCW32_826      8000              saed32rvt_ss0p7vn40c
pe_DW8_ACCW32_827      8000              saed32rvt_ss0p7vn40c
pe_DW8_ACCW32_828      8000              saed32rvt_ss0p7vn40c
pe_DW8_ACCW32_829      8000              saed32rvt_ss0p7vn40c
pe_DW8_ACCW32_830      8000              saed32rvt_ss0p7vn40c
pe_DW8_ACCW32_831      8000              saed32rvt_ss0p7vn40c
pe_DW8_ACCW32_833      8000              saed32rvt_ss0p7vn40c
pe_DW8_ACCW32_834      8000              saed32rvt_ss0p7vn40c
pe_DW8_ACCW32_835      8000              saed32rvt_ss0p7vn40c
pe_DW8_ACCW32_836      8000              saed32rvt_ss0p7vn40c
pe_DW8_ACCW32_837      8000              saed32rvt_ss0p7vn40c
pe_DW8_ACCW32_838      8000              saed32rvt_ss0p7vn40c
pe_DW8_ACCW32_839      8000              saed32rvt_ss0p7vn40c
pe_DW8_ACCW32_840      8000              saed32rvt_ss0p7vn40c
pe_DW8_ACCW32_841      8000              saed32rvt_ss0p7vn40c
pe_DW8_ACCW32_842      8000              saed32rvt_ss0p7vn40c
pe_DW8_ACCW32_843      8000              saed32rvt_ss0p7vn40c
pe_DW8_ACCW32_844      8000              saed32rvt_ss0p7vn40c
pe_DW8_ACCW32_845      8000              saed32rvt_ss0p7vn40c
pe_DW8_ACCW32_846      8000              saed32rvt_ss0p7vn40c
pe_DW8_ACCW32_847      8000              saed32rvt_ss0p7vn40c
pe_DW8_ACCW32_848      8000              saed32rvt_ss0p7vn40c
pe_DW8_ACCW32_849      8000              saed32rvt_ss0p7vn40c
pe_DW8_ACCW32_850      8000              saed32rvt_ss0p7vn40c
pe_DW8_ACCW32_851      8000              saed32rvt_ss0p7vn40c
pe_DW8_ACCW32_852      8000              saed32rvt_ss0p7vn40c
pe_DW8_ACCW32_853      8000              saed32rvt_ss0p7vn40c
pe_DW8_ACCW32_854      8000              saed32rvt_ss0p7vn40c
pe_DW8_ACCW32_855      8000              saed32rvt_ss0p7vn40c
pe_DW8_ACCW32_856      8000              saed32rvt_ss0p7vn40c
pe_DW8_ACCW32_857      8000              saed32rvt_ss0p7vn40c
pe_DW8_ACCW32_858      8000              saed32rvt_ss0p7vn40c
pe_DW8_ACCW32_859      8000              saed32rvt_ss0p7vn40c
pe_DW8_ACCW32_860      8000              saed32rvt_ss0p7vn40c
pe_DW8_ACCW32_861      8000              saed32rvt_ss0p7vn40c
pe_DW8_ACCW32_862      8000              saed32rvt_ss0p7vn40c
pe_DW8_ACCW32_863      8000              saed32rvt_ss0p7vn40c
pe_DW8_ACCW32_865      8000              saed32rvt_ss0p7vn40c
pe_DW8_ACCW32_866      8000              saed32rvt_ss0p7vn40c
pe_DW8_ACCW32_867      8000              saed32rvt_ss0p7vn40c
pe_DW8_ACCW32_868      8000              saed32rvt_ss0p7vn40c
pe_DW8_ACCW32_869      8000              saed32rvt_ss0p7vn40c
pe_DW8_ACCW32_870      8000              saed32rvt_ss0p7vn40c
pe_DW8_ACCW32_871      8000              saed32rvt_ss0p7vn40c
pe_DW8_ACCW32_872      8000              saed32rvt_ss0p7vn40c
pe_DW8_ACCW32_873      8000              saed32rvt_ss0p7vn40c
pe_DW8_ACCW32_874      8000              saed32rvt_ss0p7vn40c
pe_DW8_ACCW32_875      8000              saed32rvt_ss0p7vn40c
pe_DW8_ACCW32_876      8000              saed32rvt_ss0p7vn40c
pe_DW8_ACCW32_877      8000              saed32rvt_ss0p7vn40c
pe_DW8_ACCW32_878      8000              saed32rvt_ss0p7vn40c
pe_DW8_ACCW32_879      8000              saed32rvt_ss0p7vn40c
pe_DW8_ACCW32_880      8000              saed32rvt_ss0p7vn40c
pe_DW8_ACCW32_881      8000              saed32rvt_ss0p7vn40c
pe_DW8_ACCW32_882      8000              saed32rvt_ss0p7vn40c
pe_DW8_ACCW32_883      8000              saed32rvt_ss0p7vn40c
pe_DW8_ACCW32_884      8000              saed32rvt_ss0p7vn40c
pe_DW8_ACCW32_885      8000              saed32rvt_ss0p7vn40c
pe_DW8_ACCW32_886      8000              saed32rvt_ss0p7vn40c
pe_DW8_ACCW32_887      8000              saed32rvt_ss0p7vn40c
pe_DW8_ACCW32_888      8000              saed32rvt_ss0p7vn40c
pe_DW8_ACCW32_889      8000              saed32rvt_ss0p7vn40c
pe_DW8_ACCW32_890      8000              saed32rvt_ss0p7vn40c
pe_DW8_ACCW32_891      8000              saed32rvt_ss0p7vn40c
pe_DW8_ACCW32_892      8000              saed32rvt_ss0p7vn40c
pe_DW8_ACCW32_893      8000              saed32rvt_ss0p7vn40c
pe_DW8_ACCW32_894      8000              saed32rvt_ss0p7vn40c
pe_DW8_ACCW32_895      8000              saed32rvt_ss0p7vn40c
pe_DW8_ACCW32_897      8000              saed32rvt_ss0p7vn40c
pe_DW8_ACCW32_898      8000              saed32rvt_ss0p7vn40c
pe_DW8_ACCW32_899      8000              saed32rvt_ss0p7vn40c
pe_DW8_ACCW32_900      8000              saed32rvt_ss0p7vn40c
pe_DW8_ACCW32_901      8000              saed32rvt_ss0p7vn40c
pe_DW8_ACCW32_902      8000              saed32rvt_ss0p7vn40c
pe_DW8_ACCW32_903      8000              saed32rvt_ss0p7vn40c
pe_DW8_ACCW32_904      8000              saed32rvt_ss0p7vn40c
pe_DW8_ACCW32_905      8000              saed32rvt_ss0p7vn40c
pe_DW8_ACCW32_906      8000              saed32rvt_ss0p7vn40c
pe_DW8_ACCW32_907      8000              saed32rvt_ss0p7vn40c
pe_DW8_ACCW32_908      8000              saed32rvt_ss0p7vn40c
pe_DW8_ACCW32_909      8000              saed32rvt_ss0p7vn40c
pe_DW8_ACCW32_910      8000              saed32rvt_ss0p7vn40c
pe_DW8_ACCW32_911      8000              saed32rvt_ss0p7vn40c
pe_DW8_ACCW32_912      8000              saed32rvt_ss0p7vn40c
pe_DW8_ACCW32_913      8000              saed32rvt_ss0p7vn40c
pe_DW8_ACCW32_914      8000              saed32rvt_ss0p7vn40c
pe_DW8_ACCW32_915      8000              saed32rvt_ss0p7vn40c
pe_DW8_ACCW32_916      8000              saed32rvt_ss0p7vn40c
pe_DW8_ACCW32_917      8000              saed32rvt_ss0p7vn40c
pe_DW8_ACCW32_918      8000              saed32rvt_ss0p7vn40c
pe_DW8_ACCW32_919      8000              saed32rvt_ss0p7vn40c
pe_DW8_ACCW32_920      8000              saed32rvt_ss0p7vn40c
pe_DW8_ACCW32_921      8000              saed32rvt_ss0p7vn40c
pe_DW8_ACCW32_922      8000              saed32rvt_ss0p7vn40c
pe_DW8_ACCW32_923      8000              saed32rvt_ss0p7vn40c
pe_DW8_ACCW32_924      8000              saed32rvt_ss0p7vn40c
pe_DW8_ACCW32_925      8000              saed32rvt_ss0p7vn40c
pe_DW8_ACCW32_926      8000              saed32rvt_ss0p7vn40c
pe_DW8_ACCW32_927      8000              saed32rvt_ss0p7vn40c
pe_DW8_ACCW32_929      8000              saed32rvt_ss0p7vn40c
pe_DW8_ACCW32_930      8000              saed32rvt_ss0p7vn40c
pe_DW8_ACCW32_931      8000              saed32rvt_ss0p7vn40c
pe_DW8_ACCW32_932      8000              saed32rvt_ss0p7vn40c
pe_DW8_ACCW32_933      8000              saed32rvt_ss0p7vn40c
pe_DW8_ACCW32_934      8000              saed32rvt_ss0p7vn40c
pe_DW8_ACCW32_935      8000              saed32rvt_ss0p7vn40c
pe_DW8_ACCW32_936      8000              saed32rvt_ss0p7vn40c
pe_DW8_ACCW32_937      8000              saed32rvt_ss0p7vn40c
pe_DW8_ACCW32_938      8000              saed32rvt_ss0p7vn40c
pe_DW8_ACCW32_939      8000              saed32rvt_ss0p7vn40c
pe_DW8_ACCW32_940      8000              saed32rvt_ss0p7vn40c
pe_DW8_ACCW32_941      8000              saed32rvt_ss0p7vn40c
pe_DW8_ACCW32_942      8000              saed32rvt_ss0p7vn40c
pe_DW8_ACCW32_943      8000              saed32rvt_ss0p7vn40c
pe_DW8_ACCW32_944      8000              saed32rvt_ss0p7vn40c
pe_DW8_ACCW32_945      8000              saed32rvt_ss0p7vn40c
pe_DW8_ACCW32_946      8000              saed32rvt_ss0p7vn40c
pe_DW8_ACCW32_947      8000              saed32rvt_ss0p7vn40c
pe_DW8_ACCW32_948      8000              saed32rvt_ss0p7vn40c
pe_DW8_ACCW32_949      8000              saed32rvt_ss0p7vn40c
pe_DW8_ACCW32_950      8000              saed32rvt_ss0p7vn40c
pe_DW8_ACCW32_951      8000              saed32rvt_ss0p7vn40c
pe_DW8_ACCW32_952      8000              saed32rvt_ss0p7vn40c
pe_DW8_ACCW32_953      8000              saed32rvt_ss0p7vn40c
pe_DW8_ACCW32_954      8000              saed32rvt_ss0p7vn40c
pe_DW8_ACCW32_955      8000              saed32rvt_ss0p7vn40c
pe_DW8_ACCW32_956      8000              saed32rvt_ss0p7vn40c
pe_DW8_ACCW32_957      8000              saed32rvt_ss0p7vn40c
pe_DW8_ACCW32_958      8000              saed32rvt_ss0p7vn40c
pe_DW8_ACCW32_959      8000              saed32rvt_ss0p7vn40c
pe_DW8_ACCW32_961      8000              saed32rvt_ss0p7vn40c
pe_DW8_ACCW32_962      8000              saed32rvt_ss0p7vn40c
pe_DW8_ACCW32_963      8000              saed32rvt_ss0p7vn40c
pe_DW8_ACCW32_964      8000              saed32rvt_ss0p7vn40c
pe_DW8_ACCW32_965      8000              saed32rvt_ss0p7vn40c
pe_DW8_ACCW32_966      8000              saed32rvt_ss0p7vn40c
pe_DW8_ACCW32_967      8000              saed32rvt_ss0p7vn40c
pe_DW8_ACCW32_968      8000              saed32rvt_ss0p7vn40c
pe_DW8_ACCW32_969      8000              saed32rvt_ss0p7vn40c
pe_DW8_ACCW32_970      8000              saed32rvt_ss0p7vn40c
pe_DW8_ACCW32_971      8000              saed32rvt_ss0p7vn40c
pe_DW8_ACCW32_972      8000              saed32rvt_ss0p7vn40c
pe_DW8_ACCW32_973      8000              saed32rvt_ss0p7vn40c
pe_DW8_ACCW32_974      8000              saed32rvt_ss0p7vn40c
pe_DW8_ACCW32_975      8000              saed32rvt_ss0p7vn40c
pe_DW8_ACCW32_976      8000              saed32rvt_ss0p7vn40c
pe_DW8_ACCW32_977      8000              saed32rvt_ss0p7vn40c
pe_DW8_ACCW32_978      8000              saed32rvt_ss0p7vn40c
pe_DW8_ACCW32_979      8000              saed32rvt_ss0p7vn40c
pe_DW8_ACCW32_980      8000              saed32rvt_ss0p7vn40c
pe_DW8_ACCW32_981      8000              saed32rvt_ss0p7vn40c
pe_DW8_ACCW32_982      8000              saed32rvt_ss0p7vn40c
pe_DW8_ACCW32_983      8000              saed32rvt_ss0p7vn40c
pe_DW8_ACCW32_984      8000              saed32rvt_ss0p7vn40c
pe_DW8_ACCW32_985      8000              saed32rvt_ss0p7vn40c
pe_DW8_ACCW32_986      8000              saed32rvt_ss0p7vn40c
pe_DW8_ACCW32_987      8000              saed32rvt_ss0p7vn40c
pe_DW8_ACCW32_988      8000              saed32rvt_ss0p7vn40c
pe_DW8_ACCW32_989      8000              saed32rvt_ss0p7vn40c
pe_DW8_ACCW32_990      8000              saed32rvt_ss0p7vn40c
pe_DW8_ACCW32_991      8000              saed32rvt_ss0p7vn40c
pe_DW8_ACCW32_993      8000              saed32rvt_ss0p7vn40c
pe_DW8_ACCW32_994      8000              saed32rvt_ss0p7vn40c
pe_DW8_ACCW32_995      8000              saed32rvt_ss0p7vn40c
pe_DW8_ACCW32_996      8000              saed32rvt_ss0p7vn40c
pe_DW8_ACCW32_997      8000              saed32rvt_ss0p7vn40c
pe_DW8_ACCW32_998      8000              saed32rvt_ss0p7vn40c
pe_DW8_ACCW32_999      8000              saed32rvt_ss0p7vn40c
pe_DW8_ACCW32_1000     8000              saed32rvt_ss0p7vn40c
pe_DW8_ACCW32_1001     8000              saed32rvt_ss0p7vn40c
pe_DW8_ACCW32_1002     8000              saed32rvt_ss0p7vn40c
pe_DW8_ACCW32_1003     8000              saed32rvt_ss0p7vn40c
pe_DW8_ACCW32_1004     8000              saed32rvt_ss0p7vn40c
pe_DW8_ACCW32_1005     8000              saed32rvt_ss0p7vn40c
pe_DW8_ACCW32_1006     8000              saed32rvt_ss0p7vn40c
pe_DW8_ACCW32_1007     8000              saed32rvt_ss0p7vn40c
pe_DW8_ACCW32_1008     8000              saed32rvt_ss0p7vn40c
pe_DW8_ACCW32_1009     8000              saed32rvt_ss0p7vn40c
pe_DW8_ACCW32_1010     8000              saed32rvt_ss0p7vn40c
pe_DW8_ACCW32_1011     8000              saed32rvt_ss0p7vn40c
pe_DW8_ACCW32_1012     8000              saed32rvt_ss0p7vn40c
pe_DW8_ACCW32_1013     8000              saed32rvt_ss0p7vn40c
pe_DW8_ACCW32_1014     8000              saed32rvt_ss0p7vn40c
pe_DW8_ACCW32_1015     8000              saed32rvt_ss0p7vn40c
pe_DW8_ACCW32_1016     8000              saed32rvt_ss0p7vn40c
pe_DW8_ACCW32_1017     8000              saed32rvt_ss0p7vn40c
pe_DW8_ACCW32_1018     8000              saed32rvt_ss0p7vn40c
pe_DW8_ACCW32_1019     8000              saed32rvt_ss0p7vn40c
pe_DW8_ACCW32_1020     8000              saed32rvt_ss0p7vn40c
pe_DW8_ACCW32_1021     8000              saed32rvt_ss0p7vn40c
pe_DW8_ACCW32_1022     8000              saed32rvt_ss0p7vn40c
pe_DW8_ACCW32_0        8000              saed32rvt_ss0p7vn40c
pe_DW8_ACCW32_32       8000              saed32rvt_ss0p7vn40c
pe_DW8_ACCW32_64       8000              saed32rvt_ss0p7vn40c
pe_DW8_ACCW32_96       8000              saed32rvt_ss0p7vn40c
pe_DW8_ACCW32_128      8000              saed32rvt_ss0p7vn40c
pe_DW8_ACCW32_160      8000              saed32rvt_ss0p7vn40c
pe_DW8_ACCW32_192      8000              saed32rvt_ss0p7vn40c
pe_DW8_ACCW32_224      8000              saed32rvt_ss0p7vn40c
pe_DW8_ACCW32_256      8000              saed32rvt_ss0p7vn40c
pe_DW8_ACCW32_288      8000              saed32rvt_ss0p7vn40c
pe_DW8_ACCW32_320      8000              saed32rvt_ss0p7vn40c
pe_DW8_ACCW32_352      8000              saed32rvt_ss0p7vn40c
pe_DW8_ACCW32_384      8000              saed32rvt_ss0p7vn40c
pe_DW8_ACCW32_416      8000              saed32rvt_ss0p7vn40c
pe_DW8_ACCW32_448      8000              saed32rvt_ss0p7vn40c
pe_DW8_ACCW32_480      8000              saed32rvt_ss0p7vn40c
pe_DW8_ACCW32_512      8000              saed32rvt_ss0p7vn40c
pe_DW8_ACCW32_544      8000              saed32rvt_ss0p7vn40c
pe_DW8_ACCW32_576      8000              saed32rvt_ss0p7vn40c
pe_DW8_ACCW32_608      8000              saed32rvt_ss0p7vn40c
pe_DW8_ACCW32_640      8000              saed32rvt_ss0p7vn40c
pe_DW8_ACCW32_672      8000              saed32rvt_ss0p7vn40c
pe_DW8_ACCW32_704      8000              saed32rvt_ss0p7vn40c
pe_DW8_ACCW32_736      8000              saed32rvt_ss0p7vn40c
pe_DW8_ACCW32_768      8000              saed32rvt_ss0p7vn40c
pe_DW8_ACCW32_800      8000              saed32rvt_ss0p7vn40c
pe_DW8_ACCW32_832      8000              saed32rvt_ss0p7vn40c
pe_DW8_ACCW32_864      8000              saed32rvt_ss0p7vn40c
pe_DW8_ACCW32_896      8000              saed32rvt_ss0p7vn40c
pe_DW8_ACCW32_928      8000              saed32rvt_ss0p7vn40c
pe_DW8_ACCW32_960      8000              saed32rvt_ss0p7vn40c


Global Operating Voltage = 0.7  
Power-specific unit information :
    Voltage Units = 1V
    Capacitance Units = 1.000000ff
    Time Units = 1ns
    Dynamic Power Units = 1uW    (derived from V,C,T units)
    Leakage Power Units = 1pW


Attributes
----------
i - Including register clock pin internal power


  Cell Internal Power  =  26.9274 mW   (97%)
  Net Switching Power  = 756.9935 uW    (3%)
                         ---------
Total Dynamic Power    =  27.6844 mW  (100%)

Cell Leakage Power     =  63.5891 uW


                 Internal         Switching           Leakage            Total
Power Group      Power            Power               Power              Power   (   %    )  Attrs
--------------------------------------------------------------------------------------------------
io_pad             0.0000            0.0000            0.0000            0.0000  (   0.00%)
memory             0.0000            0.0000            0.0000            0.0000  (   0.00%)
black_box          0.0000            0.0000            0.0000            0.0000  (   0.00%)
clock_network  2.5799e+04            0.0000            0.0000        2.5799e+04  (  92.96%)  i
register         229.7969           93.6811        3.1724e+07          355.6826  (   1.28%)
sequential         0.0000            0.0000            0.0000            0.0000  (   0.00%)
combinational    902.1150          663.0142        3.1866e+07        1.5967e+03  (   5.75%)
--------------------------------------------------------------------------------------------------
Total          2.6931e+04 uW       756.6952 uW     6.3589e+07 pW     2.7751e+04 uW
1
